
*** Running vivado
    with args -log Top_Level.vds -m64 -product Vivado -mode batch -messageDb vivado.pb -notrace -source Top_Level.tcl



****** Vivado v2025.2 (64-bit)
  **** SW Build 6299465 on Fri Nov 14 19:35:11 GMT 2025
  **** IP Build 6300035 on Fri Nov 14 10:48:45 MST 2025
  **** SharedData Build 6298862 on Thu Nov 13 04:50:51 MST 2025
  **** Start of session at: Thu May 21 14:39:04 2026
    ** Copyright 1986-2022 Xilinx, Inc. All Rights Reserved.
    ** Copyright 2022-2025 Advanced Micro Devices, Inc. All Rights Reserved.

source Top_Level.tcl -notrace
Command: read_checkpoint -auto_incremental -incremental {D:/Facultate/Facultate I sem II/DSD/Test subiecte/Exercise 4/Exercise 4.srcs/utils_1/imports/synth_1/Top_Level.dcp}
INFO: [Vivado 12-5825] Read reference checkpoint from D:/Facultate/Facultate I sem II/DSD/Test subiecte/Exercise 4/Exercise 4.srcs/utils_1/imports/synth_1/Top_Level.dcp for incremental synthesis
INFO: [Vivado 12-7989] Please ensure there are no constraint changes
Command: synth_design -top Top_Level -part xc7a35tcpg236-1
Starting synth_design
Attempting to get a license for feature 'Synthesis' and/or device 'xc7a35t'
INFO: [Common 17-349] Got license for feature 'Synthesis' and/or device 'xc7a35t'
INFO: [Device 21-403] Loading part xc7a35tcpg236-1
INFO: [Designutils 20-5440] No compile time benefit to using incremental synthesis; A full resynthesis will be run
INFO: [Designutils 20-4379] Flow is switching to default flow due to incremental criteria not met. If you would like to alter this behaviour and have the flow terminate instead, please set the following parameter config_implementation {autoIncr.Synth.RejectBehavior Terminate}
INFO: [Synth 8-7079] Multithreading enabled for synth_design using a maximum of 2 processes.
INFO: [Synth 8-7078] Launching helper process for spawning children vivado processes
INFO: [Synth 8-7075] Helper process launched with PID 18872
---------------------------------------------------------------------------------
Starting RTL Elaboration : Time (s): cpu = 00:00:04 ; elapsed = 00:00:04 . Memory (MB): peak = 1266.133 ; gain = 541.484
---------------------------------------------------------------------------------
INFO: [Synth 8-638] synthesizing module 'Top_Level' [D:/Facultate/Facultate I sem II/DSD/Test subiecte/Exercise 4/Exercise 4.srcs/sources_1/new/Top_Level.vhd:24]
	Parameter period bound to: 1000 - type: integer 
INFO: [Synth 8-3491] module 'Clk_div' declared at 'D:/Facultate/Facultate I sem II/DSD/Test subiecte/Exercise 4/Exercise 4.srcs/sources_1/new/Clk_div.vhd:14' bound to instance 'clko' of component 'Clk_div' [D:/Facultate/Facultate I sem II/DSD/Test subiecte/Exercise 4/Exercise 4.srcs/sources_1/new/Top_Level.vhd:62]
INFO: [Synth 8-638] synthesizing module 'Clk_div' [D:/Facultate/Facultate I sem II/DSD/Test subiecte/Exercise 4/Exercise 4.srcs/sources_1/new/Clk_div.vhd:23]
	Parameter period bound to: 1000 - type: integer 
INFO: [Synth 8-256] done synthesizing module 'Clk_div' (0#1) [D:/Facultate/Facultate I sem II/DSD/Test subiecte/Exercise 4/Exercise 4.srcs/sources_1/new/Clk_div.vhd:23]
INFO: [Synth 8-3491] module 'Conv_bin' declared at 'D:/Facultate/Facultate I sem II/DSD/Test subiecte/Exercise 4/Exercise 4.srcs/sources_1/new/Conv_bin.vhd:34' bound to instance 'Q_0_data' of component 'Conv_bin' [D:/Facultate/Facultate I sem II/DSD/Test subiecte/Exercise 4/Exercise 4.srcs/sources_1/new/Top_Level.vhd:70]
INFO: [Synth 8-638] synthesizing module 'Conv_bin' [D:/Facultate/Facultate I sem II/DSD/Test subiecte/Exercise 4/Exercise 4.srcs/sources_1/new/Conv_bin.vhd:40]
INFO: [Synth 8-256] done synthesizing module 'Conv_bin' (0#1) [D:/Facultate/Facultate I sem II/DSD/Test subiecte/Exercise 4/Exercise 4.srcs/sources_1/new/Conv_bin.vhd:40]
INFO: [Synth 8-3491] module 'Conv_bin' declared at 'D:/Facultate/Facultate I sem II/DSD/Test subiecte/Exercise 4/Exercise 4.srcs/sources_1/new/Conv_bin.vhd:34' bound to instance 'Q_1_data' of component 'Conv_bin' [D:/Facultate/Facultate I sem II/DSD/Test subiecte/Exercise 4/Exercise 4.srcs/sources_1/new/Top_Level.vhd:75]
INFO: [Synth 8-3491] module 'Conv_bin' declared at 'D:/Facultate/Facultate I sem II/DSD/Test subiecte/Exercise 4/Exercise 4.srcs/sources_1/new/Conv_bin.vhd:34' bound to instance 'Q_2_data' of component 'Conv_bin' [D:/Facultate/Facultate I sem II/DSD/Test subiecte/Exercise 4/Exercise 4.srcs/sources_1/new/Top_Level.vhd:80]
INFO: [Synth 8-3491] module 'Conv_bin' declared at 'D:/Facultate/Facultate I sem II/DSD/Test subiecte/Exercise 4/Exercise 4.srcs/sources_1/new/Conv_bin.vhd:34' bound to instance 'Q_3_data' of component 'Conv_bin' [D:/Facultate/Facultate I sem II/DSD/Test subiecte/Exercise 4/Exercise 4.srcs/sources_1/new/Top_Level.vhd:85]
INFO: [Synth 8-3491] module 'Shift_reg' declared at 'D:/Facultate/Facultate I sem II/DSD/Test subiecte/Exercise 4/Exercise 4.srcs/sources_1/new/Shift_reg.vhd:14' bound to instance 'Shifter' of component 'Shift_reg' [D:/Facultate/Facultate I sem II/DSD/Test subiecte/Exercise 4/Exercise 4.srcs/sources_1/new/Top_Level.vhd:90]
INFO: [Synth 8-638] synthesizing module 'Shift_reg' [D:/Facultate/Facultate I sem II/DSD/Test subiecte/Exercise 4/Exercise 4.srcs/sources_1/new/Shift_reg.vhd:22]
INFO: [Synth 8-3491] module 'D_FF' declared at 'D:/Facultate/Facultate I sem II/DSD/Test subiecte/Exercise 4/Exercise 4.srcs/sources_1/new/D_FF.vhd:34' bound to instance 'D1' of component 'D_FF' [D:/Facultate/Facultate I sem II/DSD/Test subiecte/Exercise 4/Exercise 4.srcs/sources_1/new/Shift_reg.vhd:35]
INFO: [Synth 8-638] synthesizing module 'D_FF' [D:/Facultate/Facultate I sem II/DSD/Test subiecte/Exercise 4/Exercise 4.srcs/sources_1/new/D_FF.vhd:41]
INFO: [Synth 8-256] done synthesizing module 'D_FF' (0#1) [D:/Facultate/Facultate I sem II/DSD/Test subiecte/Exercise 4/Exercise 4.srcs/sources_1/new/D_FF.vhd:41]
INFO: [Synth 8-3491] module 'D_FF' declared at 'D:/Facultate/Facultate I sem II/DSD/Test subiecte/Exercise 4/Exercise 4.srcs/sources_1/new/D_FF.vhd:34' bound to instance 'D2' of component 'D_FF' [D:/Facultate/Facultate I sem II/DSD/Test subiecte/Exercise 4/Exercise 4.srcs/sources_1/new/Shift_reg.vhd:41]
INFO: [Synth 8-3491] module 'D_FF' declared at 'D:/Facultate/Facultate I sem II/DSD/Test subiecte/Exercise 4/Exercise 4.srcs/sources_1/new/D_FF.vhd:34' bound to instance 'D3' of component 'D_FF' [D:/Facultate/Facultate I sem II/DSD/Test subiecte/Exercise 4/Exercise 4.srcs/sources_1/new/Shift_reg.vhd:47]
INFO: [Synth 8-3491] module 'D_FF' declared at 'D:/Facultate/Facultate I sem II/DSD/Test subiecte/Exercise 4/Exercise 4.srcs/sources_1/new/D_FF.vhd:34' bound to instance 'D4' of component 'D_FF' [D:/Facultate/Facultate I sem II/DSD/Test subiecte/Exercise 4/Exercise 4.srcs/sources_1/new/Shift_reg.vhd:53]
INFO: [Synth 8-256] done synthesizing module 'Shift_reg' (0#1) [D:/Facultate/Facultate I sem II/DSD/Test subiecte/Exercise 4/Exercise 4.srcs/sources_1/new/Shift_reg.vhd:22]
INFO: [Synth 8-3491] module 'ssd_driver' declared at 'D:/Facultate/Facultate I sem II/DSD/Test subiecte/Exercise 4/Exercise 4.srcs/sources_1/new/ssd_driver.vhd:9' bound to instance 'Printer' of component 'ssd_driver' [D:/Facultate/Facultate I sem II/DSD/Test subiecte/Exercise 4/Exercise 4.srcs/sources_1/new/Top_Level.vhd:99]
INFO: [Synth 8-638] synthesizing module 'ssd_driver' [D:/Facultate/Facultate I sem II/DSD/Test subiecte/Exercise 4/Exercise 4.srcs/sources_1/new/ssd_driver.vhd:17]
	Parameter period bound to: 2 - type: integer 
INFO: [Synth 8-3491] module 'Clk_div' declared at 'D:/Facultate/Facultate I sem II/DSD/Test subiecte/Exercise 4/Exercise 4.srcs/sources_1/new/Clk_div.vhd:14' bound to instance 'divider' of component 'Clk_div' [D:/Facultate/Facultate I sem II/DSD/Test subiecte/Exercise 4/Exercise 4.srcs/sources_1/new/ssd_driver.vhd:40]
INFO: [Synth 8-638] synthesizing module 'Clk_div__parameterized1' [D:/Facultate/Facultate I sem II/DSD/Test subiecte/Exercise 4/Exercise 4.srcs/sources_1/new/Clk_div.vhd:23]
	Parameter period bound to: 2 - type: integer 
INFO: [Synth 8-256] done synthesizing module 'Clk_div__parameterized1' (0#1) [D:/Facultate/Facultate I sem II/DSD/Test subiecte/Exercise 4/Exercise 4.srcs/sources_1/new/Clk_div.vhd:23]
INFO: [Synth 8-3491] module 'segment7b' declared at 'D:/Facultate/Facultate I sem II/DSD/Test subiecte/Exercise 4/Exercise 4.srcs/sources_1/new/segment7b.vhd:8' bound to instance 'converter' of component 'segment7b' [D:/Facultate/Facultate I sem II/DSD/Test subiecte/Exercise 4/Exercise 4.srcs/sources_1/new/ssd_driver.vhd:41]
INFO: [Synth 8-638] synthesizing module 'segment7b' [D:/Facultate/Facultate I sem II/DSD/Test subiecte/Exercise 4/Exercise 4.srcs/sources_1/new/segment7b.vhd:13]
INFO: [Synth 8-256] done synthesizing module 'segment7b' (0#1) [D:/Facultate/Facultate I sem II/DSD/Test subiecte/Exercise 4/Exercise 4.srcs/sources_1/new/segment7b.vhd:13]
INFO: [Synth 8-256] done synthesizing module 'ssd_driver' (0#1) [D:/Facultate/Facultate I sem II/DSD/Test subiecte/Exercise 4/Exercise 4.srcs/sources_1/new/ssd_driver.vhd:17]
INFO: [Synth 8-256] done synthesizing module 'Top_Level' (0#1) [D:/Facultate/Facultate I sem II/DSD/Test subiecte/Exercise 4/Exercise 4.srcs/sources_1/new/Top_Level.vhd:24]
---------------------------------------------------------------------------------
Finished RTL Elaboration : Time (s): cpu = 00:00:05 ; elapsed = 00:00:05 . Memory (MB): peak = 1384.047 ; gain = 659.398
---------------------------------------------------------------------------------
---------------------------------------------------------------------------------
Start Handling Custom Attributes
---------------------------------------------------------------------------------
---------------------------------------------------------------------------------
Finished Handling Custom Attributes : Time (s): cpu = 00:00:05 ; elapsed = 00:00:05 . Memory (MB): peak = 1384.047 ; gain = 659.398
---------------------------------------------------------------------------------
---------------------------------------------------------------------------------
Finished RTL Optimization Phase 1 : Time (s): cpu = 00:00:05 ; elapsed = 00:00:05 . Memory (MB): peak = 1384.047 ; gain = 659.398
---------------------------------------------------------------------------------
Netlist sorting complete. Time (s): cpu = 00:00:00 ; elapsed = 00:00:00.002 . Memory (MB): peak = 1384.047 ; gain = 0.000
INFO: [Project 1-570] Preparing netlist for logic optimization

Processing XDC Constraints
Initializing timing engine
Parsing XDC File [D:/Facultate/Facultate I sem II/DSD/Test subiecte/Exercise 4/Exercise 4.srcs/constrs_1/new/csrt.xdc]
Finished Parsing XDC File [D:/Facultate/Facultate I sem II/DSD/Test subiecte/Exercise 4/Exercise 4.srcs/constrs_1/new/csrt.xdc]
INFO: [Project 1-236] Implementation specific constraints were found while reading constraint file [D:/Facultate/Facultate I sem II/DSD/Test subiecte/Exercise 4/Exercise 4.srcs/constrs_1/new/csrt.xdc]. These constraints will be ignored for synthesis but will be used in implementation. Impacted constraints are listed in the file [.Xil/Top_Level_propImpl.xdc].
Resolution: To avoid this warning, move constraints listed in [.Xil/Top_Level_propImpl.xdc] to another XDC file and exclude this new file from synthesis with the used_in_synthesis property (File Properties dialog in GUI) and re-run elaboration/synthesis.
Completed Processing XDC Constraints

Netlist sorting complete. Time (s): cpu = 00:00:00 ; elapsed = 00:00:00 . Memory (MB): peak = 1457.094 ; gain = 0.000
INFO: [Project 1-111] Unisim Transformation Summary:
No Unisim elements were transformed.

Constraint Validation Runtime : Time (s): cpu = 00:00:00 ; elapsed = 00:00:00.001 . Memory (MB): peak = 1457.094 ; gain = 0.000
INFO: [Designutils 20-5440] No compile time benefit to using incremental synthesis; A full resynthesis will be run
INFO: [Designutils 20-4379] Flow is switching to default flow due to incremental criteria not met. If you would like to alter this behaviour and have the flow terminate instead, please set the following parameter config_implementation {autoIncr.Synth.RejectBehavior Terminate}
---------------------------------------------------------------------------------
Finished Constraint Validation : Time (s): cpu = 00:00:10 ; elapsed = 00:00:11 . Memory (MB): peak = 1457.094 ; gain = 732.445
---------------------------------------------------------------------------------
---------------------------------------------------------------------------------
Start Loading Part and Timing Information
---------------------------------------------------------------------------------
Loading part: xc7a35tcpg236-1
---------------------------------------------------------------------------------
Finished Loading Part and Timing Information : Time (s): cpu = 00:00:10 ; elapsed = 00:00:11 . Memory (MB): peak = 1457.094 ; gain = 732.445
---------------------------------------------------------------------------------
---------------------------------------------------------------------------------
Start Applying 'set_property' XDC Constraints
---------------------------------------------------------------------------------
---------------------------------------------------------------------------------
Finished applying 'set_property' XDC Constraints : Time (s): cpu = 00:00:10 ; elapsed = 00:00:11 . Memory (MB): peak = 1457.094 ; gain = 732.445
---------------------------------------------------------------------------------
---------------------------------------------------------------------------------
Finished RTL Optimization Phase 2 : Time (s): cpu = 00:00:11 ; elapsed = 00:00:12 . Memory (MB): peak = 1457.094 ; gain = 732.445
---------------------------------------------------------------------------------
---------------------------------------------------------------------------------
Start RTL Component Statistics 
---------------------------------------------------------------------------------
Detailed RTL Component Info : 
+---Adders : 
	   2 Input   31 Bit       Adders := 2     
	   2 Input    3 Bit       Adders := 1     
+---Registers : 
	               31 Bit    Registers := 2     
	                3 Bit    Registers := 1     
	                1 Bit    Registers := 6     
+---Muxes : 
	   5 Input    4 Bit        Muxes := 1     
	   2 Input    3 Bit        Muxes := 1     
---------------------------------------------------------------------------------
Finished RTL Component Statistics 
---------------------------------------------------------------------------------
---------------------------------------------------------------------------------
Start Part Resource Summary
---------------------------------------------------------------------------------
Part Resources:
DSPs: 90 (col length:60)
BRAMs: 100 (col length: RAMB18 60 RAMB36 30)
---------------------------------------------------------------------------------
Finished Part Resource Summary
---------------------------------------------------------------------------------
---------------------------------------------------------------------------------
Start Cross Boundary and Area Optimization
---------------------------------------------------------------------------------
---------------------------------------------------------------------------------
Finished Cross Boundary and Area Optimization : Time (s): cpu = 00:00:13 ; elapsed = 00:00:14 . Memory (MB): peak = 1457.094 ; gain = 732.445
---------------------------------------------------------------------------------
---------------------------------------------------------------------------------
Start Applying XDC Timing Constraints
---------------------------------------------------------------------------------
---------------------------------------------------------------------------------
Finished Applying XDC Timing Constraints : Time (s): cpu = 00:00:16 ; elapsed = 00:00:17 . Memory (MB): peak = 1581.051 ; gain = 856.402
---------------------------------------------------------------------------------
---------------------------------------------------------------------------------
Start Timing Optimization
---------------------------------------------------------------------------------
---------------------------------------------------------------------------------
Finished Timing Optimization : Time (s): cpu = 00:00:16 ; elapsed = 00:00:17 . Memory (MB): peak = 1603.402 ; gain = 878.754
---------------------------------------------------------------------------------
---------------------------------------------------------------------------------
Start Technology Mapping
---------------------------------------------------------------------------------
---------------------------------------------------------------------------------
Finished Technology Mapping : Time (s): cpu = 00:00:16 ; elapsed = 00:00:17 . Memory (MB): peak = 1603.402 ; gain = 878.754
---------------------------------------------------------------------------------
---------------------------------------------------------------------------------
Start IO Insertion
---------------------------------------------------------------------------------
---------------------------------------------------------------------------------
Start Flattening Before IO Insertion
---------------------------------------------------------------------------------
---------------------------------------------------------------------------------
Finished Flattening Before IO Insertion
---------------------------------------------------------------------------------
---------------------------------------------------------------------------------
Start Final Netlist Cleanup
---------------------------------------------------------------------------------
---------------------------------------------------------------------------------
Finished Final Netlist Cleanup
---------------------------------------------------------------------------------
---------------------------------------------------------------------------------
Finished IO Insertion : Time (s): cpu = 00:00:19 ; elapsed = 00:00:20 . Memory (MB): peak = 1841.191 ; gain = 1116.543
---------------------------------------------------------------------------------
---------------------------------------------------------------------------------
Start Renaming Generated Instances
---------------------------------------------------------------------------------
---------------------------------------------------------------------------------
Finished Renaming Generated Instances : Time (s): cpu = 00:00:19 ; elapsed = 00:00:20 . Memory (MB): peak = 1841.191 ; gain = 1116.543
---------------------------------------------------------------------------------
---------------------------------------------------------------------------------
Start Rebuilding User Hierarchy
---------------------------------------------------------------------------------
---------------------------------------------------------------------------------
Finished Rebuilding User Hierarchy : Time (s): cpu = 00:00:19 ; elapsed = 00:00:20 . Memory (MB): peak = 1841.191 ; gain = 1116.543
---------------------------------------------------------------------------------
---------------------------------------------------------------------------------
Start Renaming Generated Ports
---------------------------------------------------------------------------------
---------------------------------------------------------------------------------
Finished Renaming Generated Ports : Time (s): cpu = 00:00:19 ; elapsed = 00:00:20 . Memory (MB): peak = 1841.191 ; gain = 1116.543
---------------------------------------------------------------------------------
---------------------------------------------------------------------------------
Start Handling Custom Attributes
---------------------------------------------------------------------------------
---------------------------------------------------------------------------------
Finished Handling Custom Attributes : Time (s): cpu = 00:00:19 ; elapsed = 00:00:20 . Memory (MB): peak = 1841.191 ; gain = 1116.543
---------------------------------------------------------------------------------
---------------------------------------------------------------------------------
Start Renaming Generated Nets
---------------------------------------------------------------------------------
---------------------------------------------------------------------------------
Finished Renaming Generated Nets : Time (s): cpu = 00:00:19 ; elapsed = 00:00:20 . Memory (MB): peak = 1841.191 ; gain = 1116.543
---------------------------------------------------------------------------------
---------------------------------------------------------------------------------
Start Writing Synthesis Report
---------------------------------------------------------------------------------

Report BlackBoxes: 
+-+--------------+----------+
| |BlackBox name |Instances |
+-+--------------+----------+
+-+--------------+----------+

Report Cell Usage: 
+------+-------+------+
|      |Cell   |Count |
+------+-------+------+
|1     |BUFG   |     1|
|2     |CARRY4 |    16|
|3     |LUT2   |     1|
|4     |LUT3   |     6|
|5     |LUT4   |     8|
|6     |LUT5   |    67|
|7     |LUT6   |     5|
|8     |FDCE   |    70|
|9     |FDPE   |     1|
|10    |IBUF   |     3|
|11    |OBUF   |    16|
+------+-------+------+
---------------------------------------------------------------------------------
Finished Writing Synthesis Report : Time (s): cpu = 00:00:19 ; elapsed = 00:00:20 . Memory (MB): peak = 1841.191 ; gain = 1116.543
---------------------------------------------------------------------------------
Synthesis finished with 0 errors, 0 critical warnings and 0 warnings.
Synthesis Optimization Runtime : Time (s): cpu = 00:00:13 ; elapsed = 00:00:19 . Memory (MB): peak = 1841.191 ; gain = 1043.496
Synthesis Optimization Complete : Time (s): cpu = 00:00:19 ; elapsed = 00:00:20 . Memory (MB): peak = 1841.191 ; gain = 1116.543
INFO: [Project 1-571] Translating synthesized netlist
Netlist sorting complete. Time (s): cpu = 00:00:00 ; elapsed = 00:00:00.001 . Memory (MB): peak = 1844.863 ; gain = 0.000
INFO: [Netlist 29-17] Analyzing 16 Unisim elements for replacement
INFO: [Netlist 29-28] Unisim Transformation completed in 0 CPU seconds
INFO: [Project 1-570] Preparing netlist for logic optimization
INFO: [Opt 31-138] Pushed 0 inverter(s) to 0 load pin(s).
Netlist sorting complete. Time (s): cpu = 00:00:00 ; elapsed = 00:00:00 . Memory (MB): peak = 1848.449 ; gain = 0.000
INFO: [Project 1-111] Unisim Transformation Summary:
No Unisim elements were transformed.

Synth Design complete | Checksum: 5fb46e38
INFO: [Common 17-83] Releasing license: Synthesis
50 Infos, 0 Warnings, 0 Critical Warnings and 0 Errors encountered.
synth_design completed successfully
synth_design: Time (s): cpu = 00:00:22 ; elapsed = 00:00:25 . Memory (MB): peak = 1848.449 ; gain = 1313.012
Write ShapeDB Complete: Time (s): cpu = 00:00:00 ; elapsed = 00:00:00 . Memory (MB): peak = 1848.449 ; gain = 0.000
INFO: [Common 17-1381] The checkpoint 'D:/Facultate/Facultate I sem II/DSD/Test subiecte/Exercise 4/Exercise 4.runs/synth_1/Top_Level.dcp' has been generated.
INFO: [Vivado 12-24828] Executing command : report_utilization -file Top_Level_utilization_synth.rpt -pb Top_Level_utilization_synth.pb
INFO: [Common 17-206] Exiting Vivado at Thu May 21 14:39:36 2026...
