
*** Running vivado
    with args -log Top_Level_a.vds -m64 -product Vivado -mode batch -messageDb vivado.pb -notrace -source Top_Level_a.tcl



****** Vivado v2025.2 (64-bit)
  **** SW Build 6299465 on Fri Nov 14 19:35:11 GMT 2025
  **** IP Build 6300035 on Fri Nov 14 10:48:45 MST 2025
  **** SharedData Build 6298862 on Thu Nov 13 04:50:51 MST 2025
  **** Start of session at: Sun May 24 20:47:59 2026
    ** Copyright 1986-2022 Xilinx, Inc. All Rights Reserved.
    ** Copyright 2022-2025 Advanced Micro Devices, Inc. All Rights Reserved.

source Top_Level_a.tcl -notrace
Command: read_checkpoint -auto_incremental -incremental {D:/Facultate/Facultate I sem II/DSD/Test subiecte/Arhiva 2025/Subject 2/Subject 2.srcs/utils_1/imports/synth_1/Top_Level_a.dcp}
INFO: [Vivado 12-5825] Read reference checkpoint from D:/Facultate/Facultate I sem II/DSD/Test subiecte/Arhiva 2025/Subject 2/Subject 2.srcs/utils_1/imports/synth_1/Top_Level_a.dcp for incremental synthesis
INFO: [Vivado 12-7989] Please ensure there are no constraint changes
Command: synth_design -top Top_Level_a -part xc7a35tcpg236-1
Starting synth_design
Attempting to get a license for feature 'Synthesis' and/or device 'xc7a35t'
INFO: [Common 17-349] Got license for feature 'Synthesis' and/or device 'xc7a35t'
INFO: [Device 21-403] Loading part xc7a35tcpg236-1
INFO: [Designutils 20-5440] No compile time benefit to using incremental synthesis; A full resynthesis will be run
INFO: [Designutils 20-4379] Flow is switching to default flow due to incremental criteria not met. If you would like to alter this behaviour and have the flow terminate instead, please set the following parameter config_implementation {autoIncr.Synth.RejectBehavior Terminate}
INFO: [Synth 8-7079] Multithreading enabled for synth_design using a maximum of 2 processes.
INFO: [Synth 8-7078] Launching helper process for spawning children vivado processes
INFO: [Synth 8-7075] Helper process launched with PID 2800
---------------------------------------------------------------------------------
Starting RTL Elaboration : Time (s): cpu = 00:00:03 ; elapsed = 00:00:04 . Memory (MB): peak = 1263.871 ; gain = 542.414
---------------------------------------------------------------------------------
INFO: [Synth 8-638] synthesizing module 'Top_Level_a' [D:/Facultate/Facultate I sem II/DSD/Test subiecte/Arhiva 2025/Subject 2/Subject 2.srcs/sources_1/new/Top_Level_a.vhd:43]
INFO: [Synth 8-3491] module 'Top_Level_CNT_ROM' declared at 'D:/Facultate/Facultate I sem II/DSD/Test subiecte/Arhiva 2025/Subject 2/Subject 2.srcs/sources_1/new/Top_Level.vhd:14' bound to instance 'Cnt' of component 'Top_Level_CNT_ROM' [D:/Facultate/Facultate I sem II/DSD/Test subiecte/Arhiva 2025/Subject 2/Subject 2.srcs/sources_1/new/Top_Level_a.vhd:65]
INFO: [Synth 8-638] synthesizing module 'Top_Level_CNT_ROM' [D:/Facultate/Facultate I sem II/DSD/Test subiecte/Arhiva 2025/Subject 2/Subject 2.srcs/sources_1/new/Top_Level.vhd:23]
INFO: [Synth 8-3491] module 'bit2_up_dwn_counter' declared at 'D:/Facultate/Facultate I sem II/DSD/Test subiecte/Arhiva 2025/Subject 2/Subject 2.srcs/sources_1/new/2bit_up_dwn_counter.vhd:34' bound to instance 'count' of component 'bit2_up_dwn_counter' [D:/Facultate/Facultate I sem II/DSD/Test subiecte/Arhiva 2025/Subject 2/Subject 2.srcs/sources_1/new/Top_Level.vhd:45]
INFO: [Synth 8-638] synthesizing module 'bit2_up_dwn_counter' [D:/Facultate/Facultate I sem II/DSD/Test subiecte/Arhiva 2025/Subject 2/Subject 2.srcs/sources_1/new/2bit_up_dwn_counter.vhd:43]
INFO: [Synth 8-256] done synthesizing module 'bit2_up_dwn_counter' (0#1) [D:/Facultate/Facultate I sem II/DSD/Test subiecte/Arhiva 2025/Subject 2/Subject 2.srcs/sources_1/new/2bit_up_dwn_counter.vhd:43]
INFO: [Synth 8-3491] module 'ROM' declared at 'D:/Facultate/Facultate I sem II/DSD/Test subiecte/Arhiva 2025/Subject 2/Subject 2.srcs/sources_1/new/ROM.vhd:34' bound to instance 'Rom_a' of component 'ROM' [D:/Facultate/Facultate I sem II/DSD/Test subiecte/Arhiva 2025/Subject 2/Subject 2.srcs/sources_1/new/Top_Level.vhd:53]
INFO: [Synth 8-638] synthesizing module 'ROM' [D:/Facultate/Facultate I sem II/DSD/Test subiecte/Arhiva 2025/Subject 2/Subject 2.srcs/sources_1/new/ROM.vhd:40]
INFO: [Synth 8-256] done synthesizing module 'ROM' (0#1) [D:/Facultate/Facultate I sem II/DSD/Test subiecte/Arhiva 2025/Subject 2/Subject 2.srcs/sources_1/new/ROM.vhd:40]
INFO: [Synth 8-256] done synthesizing module 'Top_Level_CNT_ROM' (0#1) [D:/Facultate/Facultate I sem II/DSD/Test subiecte/Arhiva 2025/Subject 2/Subject 2.srcs/sources_1/new/Top_Level.vhd:23]
INFO: [Synth 8-3491] module 'MPG' declared at 'D:/Facultate/Facultate I sem II/DSD/Test subiecte/Arhiva 2025/Subject 2/Subject 2.srcs/sources_1/new/MPG.vhd:6' bound to instance 'Dwn_btn_comp' of component 'MPG' [D:/Facultate/Facultate I sem II/DSD/Test subiecte/Arhiva 2025/Subject 2/Subject 2.srcs/sources_1/new/Top_Level_a.vhd:73]
INFO: [Synth 8-638] synthesizing module 'MPG' [D:/Facultate/Facultate I sem II/DSD/Test subiecte/Arhiva 2025/Subject 2/Subject 2.srcs/sources_1/new/MPG.vhd:12]
INFO: [Synth 8-256] done synthesizing module 'MPG' (0#1) [D:/Facultate/Facultate I sem II/DSD/Test subiecte/Arhiva 2025/Subject 2/Subject 2.srcs/sources_1/new/MPG.vhd:12]
INFO: [Synth 8-3491] module 'MPG' declared at 'D:/Facultate/Facultate I sem II/DSD/Test subiecte/Arhiva 2025/Subject 2/Subject 2.srcs/sources_1/new/MPG.vhd:6' bound to instance 'Up_btn_comp' of component 'MPG' [D:/Facultate/Facultate I sem II/DSD/Test subiecte/Arhiva 2025/Subject 2/Subject 2.srcs/sources_1/new/Top_Level_a.vhd:80]
INFO: [Synth 8-256] done synthesizing module 'Top_Level_a' (0#1) [D:/Facultate/Facultate I sem II/DSD/Test subiecte/Arhiva 2025/Subject 2/Subject 2.srcs/sources_1/new/Top_Level_a.vhd:43]
---------------------------------------------------------------------------------
Finished RTL Elaboration : Time (s): cpu = 00:00:05 ; elapsed = 00:00:05 . Memory (MB): peak = 1381.711 ; gain = 660.254
---------------------------------------------------------------------------------
---------------------------------------------------------------------------------
Start Handling Custom Attributes
---------------------------------------------------------------------------------
---------------------------------------------------------------------------------
Finished Handling Custom Attributes : Time (s): cpu = 00:00:05 ; elapsed = 00:00:05 . Memory (MB): peak = 1381.711 ; gain = 660.254
---------------------------------------------------------------------------------
---------------------------------------------------------------------------------
Finished RTL Optimization Phase 1 : Time (s): cpu = 00:00:05 ; elapsed = 00:00:05 . Memory (MB): peak = 1381.711 ; gain = 660.254
---------------------------------------------------------------------------------
Netlist sorting complete. Time (s): cpu = 00:00:00 ; elapsed = 00:00:00 . Memory (MB): peak = 1381.711 ; gain = 0.000
INFO: [Project 1-570] Preparing netlist for logic optimization

Processing XDC Constraints
Initializing timing engine
Parsing XDC File [D:/Facultate/Facultate I sem II/DSD/Test subiecte/Arhiva 2025/Subject 2/Subject 2.srcs/constrs_1/new/cst.xdc]
Finished Parsing XDC File [D:/Facultate/Facultate I sem II/DSD/Test subiecte/Arhiva 2025/Subject 2/Subject 2.srcs/constrs_1/new/cst.xdc]
INFO: [Project 1-236] Implementation specific constraints were found while reading constraint file [D:/Facultate/Facultate I sem II/DSD/Test subiecte/Arhiva 2025/Subject 2/Subject 2.srcs/constrs_1/new/cst.xdc]. These constraints will be ignored for synthesis but will be used in implementation. Impacted constraints are listed in the file [.Xil/Top_Level_a_propImpl.xdc].
Resolution: To avoid this warning, move constraints listed in [.Xil/Top_Level_a_propImpl.xdc] to another XDC file and exclude this new file from synthesis with the used_in_synthesis property (File Properties dialog in GUI) and re-run elaboration/synthesis.
Completed Processing XDC Constraints

Netlist sorting complete. Time (s): cpu = 00:00:00 ; elapsed = 00:00:00 . Memory (MB): peak = 1440.020 ; gain = 0.000
INFO: [Project 1-111] Unisim Transformation Summary:
No Unisim elements were transformed.

Constraint Validation Runtime : Time (s): cpu = 00:00:00 ; elapsed = 00:00:00.002 . Memory (MB): peak = 1440.020 ; gain = 0.000
INFO: [Designutils 20-5440] No compile time benefit to using incremental synthesis; A full resynthesis will be run
INFO: [Designutils 20-4379] Flow is switching to default flow due to incremental criteria not met. If you would like to alter this behaviour and have the flow terminate instead, please set the following parameter config_implementation {autoIncr.Synth.RejectBehavior Terminate}
---------------------------------------------------------------------------------
Finished Constraint Validation : Time (s): cpu = 00:00:10 ; elapsed = 00:00:11 . Memory (MB): peak = 1440.020 ; gain = 718.562
---------------------------------------------------------------------------------
---------------------------------------------------------------------------------
Start Loading Part and Timing Information
---------------------------------------------------------------------------------
Loading part: xc7a35tcpg236-1
---------------------------------------------------------------------------------
Finished Loading Part and Timing Information : Time (s): cpu = 00:00:10 ; elapsed = 00:00:11 . Memory (MB): peak = 1440.020 ; gain = 718.562
---------------------------------------------------------------------------------
---------------------------------------------------------------------------------
Start Applying 'set_property' XDC Constraints
---------------------------------------------------------------------------------
---------------------------------------------------------------------------------
Finished applying 'set_property' XDC Constraints : Time (s): cpu = 00:00:10 ; elapsed = 00:00:11 . Memory (MB): peak = 1440.020 ; gain = 718.562
---------------------------------------------------------------------------------
---------------------------------------------------------------------------------
Finished RTL Optimization Phase 2 : Time (s): cpu = 00:00:10 ; elapsed = 00:00:11 . Memory (MB): peak = 1440.020 ; gain = 718.562
---------------------------------------------------------------------------------
---------------------------------------------------------------------------------
Start RTL Component Statistics 
---------------------------------------------------------------------------------
Detailed RTL Component Info : 
+---Adders : 
	   2 Input    2 Bit       Adders := 1     
+---Registers : 
	                2 Bit    Registers := 1     
	                1 Bit    Registers := 6     
+---Muxes : 
	   5 Input   16 Bit        Muxes := 1     
	   2 Input    2 Bit        Muxes := 1     
	   2 Input    1 Bit        Muxes := 1     
---------------------------------------------------------------------------------
Finished RTL Component Statistics 
---------------------------------------------------------------------------------
---------------------------------------------------------------------------------
Start Part Resource Summary
---------------------------------------------------------------------------------
Part Resources:
DSPs: 90 (col length:60)
BRAMs: 100 (col length: RAMB18 60 RAMB36 30)
---------------------------------------------------------------------------------
Finished Part Resource Summary
---------------------------------------------------------------------------------
---------------------------------------------------------------------------------
Start Cross Boundary and Area Optimization
---------------------------------------------------------------------------------
WARNING: [Synth 8-3917] design Top_Level_a has port Leds_out[15] driven by constant 0
WARNING: [Synth 8-3917] design Top_Level_a has port Leds_out[14] driven by constant 0
WARNING: [Synth 8-3917] design Top_Level_a has port Leds_out[13] driven by constant 0
WARNING: [Synth 8-3917] design Top_Level_a has port Leds_out[12] driven by constant 0
WARNING: [Synth 8-3917] design Top_Level_a has port Leds_out[11] driven by constant 0
WARNING: [Synth 8-3917] design Top_Level_a has port Leds_out[10] driven by constant 0
WARNING: [Synth 8-3917] design Top_Level_a has port Leds_out[9] driven by constant 0
WARNING: [Synth 8-3917] design Top_Level_a has port Leds_out[8] driven by constant 0
WARNING: [Synth 8-3917] design Top_Level_a has port Leds_out[7] driven by constant 0
WARNING: [Synth 8-3917] design Top_Level_a has port Leds_out[6] driven by constant 0
WARNING: [Synth 8-3917] design Top_Level_a has port Leds_out[5] driven by constant 0
WARNING: [Synth 8-3917] design Top_Level_a has port Leds_out[4] driven by constant 0
---------------------------------------------------------------------------------
Finished Cross Boundary and Area Optimization : Time (s): cpu = 00:00:12 ; elapsed = 00:00:12 . Memory (MB): peak = 1440.020 ; gain = 718.562
---------------------------------------------------------------------------------
---------------------------------------------------------------------------------
Start Applying XDC Timing Constraints
---------------------------------------------------------------------------------
---------------------------------------------------------------------------------
Finished Applying XDC Timing Constraints : Time (s): cpu = 00:00:15 ; elapsed = 00:00:16 . Memory (MB): peak = 1579.242 ; gain = 857.785
---------------------------------------------------------------------------------
---------------------------------------------------------------------------------
Start Timing Optimization
---------------------------------------------------------------------------------
---------------------------------------------------------------------------------
Finished Timing Optimization : Time (s): cpu = 00:00:15 ; elapsed = 00:00:16 . Memory (MB): peak = 1598.520 ; gain = 877.062
---------------------------------------------------------------------------------
---------------------------------------------------------------------------------
Start Technology Mapping
---------------------------------------------------------------------------------
---------------------------------------------------------------------------------
Finished Technology Mapping : Time (s): cpu = 00:00:15 ; elapsed = 00:00:16 . Memory (MB): peak = 1598.520 ; gain = 877.062
---------------------------------------------------------------------------------
---------------------------------------------------------------------------------
Start IO Insertion
---------------------------------------------------------------------------------
---------------------------------------------------------------------------------
Start Flattening Before IO Insertion
---------------------------------------------------------------------------------
---------------------------------------------------------------------------------
Finished Flattening Before IO Insertion
---------------------------------------------------------------------------------
---------------------------------------------------------------------------------
Start Final Netlist Cleanup
---------------------------------------------------------------------------------
---------------------------------------------------------------------------------
Finished Final Netlist Cleanup
---------------------------------------------------------------------------------
---------------------------------------------------------------------------------
Finished IO Insertion : Time (s): cpu = 00:00:18 ; elapsed = 00:00:19 . Memory (MB): peak = 1838.887 ; gain = 1117.430
---------------------------------------------------------------------------------
---------------------------------------------------------------------------------
Start Renaming Generated Instances
---------------------------------------------------------------------------------
---------------------------------------------------------------------------------
Finished Renaming Generated Instances : Time (s): cpu = 00:00:18 ; elapsed = 00:00:19 . Memory (MB): peak = 1838.887 ; gain = 1117.430
---------------------------------------------------------------------------------
---------------------------------------------------------------------------------
Start Rebuilding User Hierarchy
---------------------------------------------------------------------------------
---------------------------------------------------------------------------------
Finished Rebuilding User Hierarchy : Time (s): cpu = 00:00:18 ; elapsed = 00:00:19 . Memory (MB): peak = 1838.887 ; gain = 1117.430
---------------------------------------------------------------------------------
---------------------------------------------------------------------------------
Start Renaming Generated Ports
---------------------------------------------------------------------------------
---------------------------------------------------------------------------------
Finished Renaming Generated Ports : Time (s): cpu = 00:00:18 ; elapsed = 00:00:19 . Memory (MB): peak = 1838.887 ; gain = 1117.430
---------------------------------------------------------------------------------
---------------------------------------------------------------------------------
Start Handling Custom Attributes
---------------------------------------------------------------------------------
---------------------------------------------------------------------------------
Finished Handling Custom Attributes : Time (s): cpu = 00:00:18 ; elapsed = 00:00:19 . Memory (MB): peak = 1838.887 ; gain = 1117.430
---------------------------------------------------------------------------------
---------------------------------------------------------------------------------
Start Renaming Generated Nets
---------------------------------------------------------------------------------
---------------------------------------------------------------------------------
Finished Renaming Generated Nets : Time (s): cpu = 00:00:18 ; elapsed = 00:00:19 . Memory (MB): peak = 1838.887 ; gain = 1117.430
---------------------------------------------------------------------------------
---------------------------------------------------------------------------------
Start Writing Synthesis Report
---------------------------------------------------------------------------------

Report BlackBoxes: 
+-+--------------+----------+
| |BlackBox name |Instances |
+-+--------------+----------+
+-+--------------+----------+

Report Cell Usage: 
+------+-------+------+
|      |Cell   |Count |
+------+-------+------+
|1     |BUFG   |     1|
|2     |CARRY4 |     4|
|3     |LUT1   |     3|
|4     |LUT2   |     2|
|5     |LUT4   |     2|
|6     |LUT6   |     3|
|7     |FDCE   |     2|
|8     |FDRE   |    22|
|9     |IBUF   |     4|
|10    |OBUF   |    16|
+------+-------+------+
---------------------------------------------------------------------------------
Finished Writing Synthesis Report : Time (s): cpu = 00:00:18 ; elapsed = 00:00:19 . Memory (MB): peak = 1838.887 ; gain = 1117.430
---------------------------------------------------------------------------------
Synthesis finished with 0 errors, 0 critical warnings and 12 warnings.
Synthesis Optimization Runtime : Time (s): cpu = 00:00:12 ; elapsed = 00:00:17 . Memory (MB): peak = 1838.887 ; gain = 1059.121
Synthesis Optimization Complete : Time (s): cpu = 00:00:18 ; elapsed = 00:00:19 . Memory (MB): peak = 1838.887 ; gain = 1117.430
INFO: [Project 1-571] Translating synthesized netlist
Netlist sorting complete. Time (s): cpu = 00:00:00 ; elapsed = 00:00:00 . Memory (MB): peak = 1843.984 ; gain = 0.000
INFO: [Netlist 29-17] Analyzing 4 Unisim elements for replacement
INFO: [Netlist 29-28] Unisim Transformation completed in 0 CPU seconds
INFO: [Project 1-570] Preparing netlist for logic optimization
INFO: [Opt 31-138] Pushed 0 inverter(s) to 0 load pin(s).
Netlist sorting complete. Time (s): cpu = 00:00:00 ; elapsed = 00:00:00 . Memory (MB): peak = 1847.594 ; gain = 0.000
INFO: [Project 1-111] Unisim Transformation Summary:
No Unisim elements were transformed.

Synth Design complete | Checksum: c51c7ed6
INFO: [Common 17-83] Releasing license: Synthesis
36 Infos, 12 Warnings, 0 Critical Warnings and 0 Errors encountered.
synth_design completed successfully
synth_design: Time (s): cpu = 00:00:20 ; elapsed = 00:00:23 . Memory (MB): peak = 1847.594 ; gain = 1312.148
Write ShapeDB Complete: Time (s): cpu = 00:00:00 ; elapsed = 00:00:00 . Memory (MB): peak = 1847.594 ; gain = 0.000
INFO: [Common 17-1381] The checkpoint 'D:/Facultate/Facultate I sem II/DSD/Test subiecte/Arhiva 2025/Subject 2/Subject 2.runs/synth_1/Top_Level_a.dcp' has been generated.
INFO: [Vivado 12-24828] Executing command : report_utilization -file Top_Level_a_utilization_synth.rpt -pb Top_Level_a_utilization_synth.pb
INFO: [Common 17-206] Exiting Vivado at Sun May 24 20:48:27 2026...
