Copyright 1986-2022 Xilinx, Inc. All Rights Reserved. Copyright 2022-2025 Advanced Micro Devices, Inc. All Rights Reserved.
---------------------------------------------------------------------------------------------------------------------------------------------
| Tool Version : Vivado v.2025.2 (win64) Build 6299465 Fri Nov 14 19:35:11 GMT 2025
| Date         : Sat May 23 18:13:33 2026
| Host         : Sebi running 64-bit major release  (build 9200)
| Command      : report_drc -file Top_Level_drc_routed.rpt -pb Top_Level_drc_routed.pb -rpx Top_Level_drc_routed.rpx
| Design       : Top_Level
| Device       : xc7a35tcpg236-1
| Speed File   : -1
| Design State : Fully Routed
---------------------------------------------------------------------------------------------------------------------------------------------

Report DRC

Table of Contents
-----------------
1. REPORT SUMMARY
2. REPORT DETAILS

1. REPORT SUMMARY
-----------------
            Netlist: netlist
          Floorplan: design_1
      Design limits: <entire design considered>
           Ruledeck: default
             Max checks: <unlimited>
             Checks found: 2
+-------------+----------+-------------------------------------------------------------+--------+
| Rule        | Severity | Description                                                 | Checks |
+-------------+----------+-------------------------------------------------------------+--------+
| PDRC-153    | Warning  | Gated clock check                                           | 1      |
| PLHOLDVIO-2 | Warning  | Non-Optimal connections which could lead to hold violations | 1      |
+-------------+----------+-------------------------------------------------------------+--------+

2. REPORT DETAILS
-----------------
PDRC-153#1 Warning
Gated clock check  
Net Btn_anodes/DW_BTN_OUT is a gated clock net sourced by a combinational pin Btn_anodes/Count_anodes[2]_i_2/O, cell Btn_anodes/Count_anodes[2]_i_2. This is not good design practice and will likely impact performance. For SLICE registers, for example, use the CE pin to control the loading of data.
Related violations: <none>

PLHOLDVIO-2#1 Warning
Non-Optimal connections which could lead to hold violations  
A LUT Btn_anodes/Count_anodes[2]_i_2 is driving clock pin of 3 cells. This could lead to large hold time violations. Involved cells are:
Count_anodes_reg[0], Count_anodes_reg[1], Count_anodes_reg[2]
Related violations: <none>


