Copyright 1986-2022 Xilinx, Inc. All Rights Reserved. Copyright 2022-2025 Advanced Micro Devices, Inc. All Rights Reserved.
---------------------------------------------------------------------------------------------------------------------------------------------
| Tool Version : Vivado v.2025.2 (win64) Build 6299465 Fri Nov 14 19:35:11 GMT 2025
| Date         : Sat May 23 18:13:19 2026
| Host         : Sebi running 64-bit major release  (build 9200)
| Command      : report_control_sets -verbose -file Top_Level_control_sets_placed.rpt
| Design       : Top_Level
| Device       : xc7a35t
---------------------------------------------------------------------------------------------------------------------------------------------

Control Set Information

Table of Contents
-----------------
1. Summary
2. Histogram
3. Flip-Flop Distribution
4. Detailed Control Set Information

1. Summary
----------

+----------------------------------------------------------+-------+
|                          Status                          | Count |
+----------------------------------------------------------+-------+
| Total control sets                                       |    11 |
|    Minimum number of control sets                        |    11 |
|    Addition due to synthesis replication                 |     0 |
|    Addition due to physical synthesis replication        |     0 |
| Unused register locations in slices containing registers |    47 |
+----------------------------------------------------------+-------+
* Control sets can be merged at opt_design using control_set_merge or merge_equivalent_drivers
** Run report_qor_suggestions for automated merging and remapping suggestions


2. Histogram
------------

+--------------------+-------+
|       Fanout       | Count |
+--------------------+-------+
| Total control sets |    11 |
| >= 0 to < 4        |     2 |
| >= 4 to < 6        |     8 |
| >= 6 to < 8        |     0 |
| >= 8 to < 10       |     0 |
| >= 10 to < 12      |     0 |
| >= 12 to < 14      |     0 |
| >= 14 to < 16      |     0 |
| >= 16              |     1 |
+--------------------+-------+
* Control sets can be remapped at either synth_design or opt_design


3. Flip-Flop Distribution
-------------------------

+--------------+-----------------------+------------------------+-----------------+--------------+
| Clock Enable | Synchronous Set/Reset | Asynchronous Set/Reset | Total Registers | Total Slices |
+--------------+-----------------------+------------------------+-----------------+--------------+
| No           | No                    | No                     |              20 |            5 |
| No           | No                    | Yes                    |               3 |            1 |
| No           | Yes                   | No                     |               0 |            0 |
| Yes          | No                    | No                     |               2 |            1 |
| Yes          | No                    | Yes                    |              32 |            8 |
| Yes          | Yes                   | No                     |               0 |            0 |
+--------------+-----------------------+------------------------+-----------------+--------------+


4. Detailed Control Set Information
-----------------------------------

+------------------------+----------------------------------+------------------+------------------+----------------+--------------+
|      Clock Signal      |           Enable Signal          | Set/Reset Signal | Slice Load Count | Bel Load Count | Bels / Slice |
+------------------------+----------------------------------+------------------+------------------+----------------+--------------+
|  CLK_IBUF_BUFG         | Btn_clk/eqOp                     |                  |                1 |              2 |         2.00 |
|  Btn_anodes/DW_BTN_OUT |                                  | RST_IBUF         |                1 |              3 |         3.00 |
|  CNT_BTN_out_BUFG      | Ram_top_comp/RAM_A/Ram_t[1]_1[0] | RST_IBUF         |                1 |              4 |         4.00 |
|  CNT_BTN_out_BUFG      | Ram_top_comp/RAM_A/Ram_t[2]_2[0] | RST_IBUF         |                1 |              4 |         4.00 |
|  CNT_BTN_out_BUFG      | Ram_top_comp/RAM_A/Ram_t[4]_4[0] | RST_IBUF         |                1 |              4 |         4.00 |
|  CNT_BTN_out_BUFG      | Ram_top_comp/RAM_A/Ram_t[3]_3[0] | RST_IBUF         |                1 |              4 |         4.00 |
|  CNT_BTN_out_BUFG      | Ram_top_comp/RAM_A/Ram_t[7]_7[0] | RST_IBUF         |                1 |              4 |         4.00 |
|  CNT_BTN_out_BUFG      | Ram_top_comp/RAM_A/Ram_t[5]_5[0] | RST_IBUF         |                1 |              4 |         4.00 |
|  CNT_BTN_out_BUFG      | Ram_top_comp/RAM_A/Ram_t[6]_6[0] | RST_IBUF         |                1 |              4 |         4.00 |
|  CNT_BTN_out_BUFG      | Ram_top_comp/RAM_A/Ram_t[0]_0[0] | RST_IBUF         |                1 |              4 |         4.00 |
|  CLK_IBUF_BUFG         |                                  |                  |                5 |             20 |         4.00 |
+------------------------+----------------------------------+------------------+------------------+----------------+--------------+


