Copyright 1986-2022 Xilinx, Inc. All Rights Reserved. Copyright 2022-2025 Advanced Micro Devices, Inc. All Rights Reserved.
------------------------------------------------------------------------------------------------------------------------------------------------------------------------------------------------------------------------------------
| Tool Version : Vivado v.2025.2 (win64) Build 6299465 Fri Nov 14 19:35:11 GMT 2025
| Date         : Thu May 21 11:57:20 2026
| Host         : Sebi running 64-bit major release  (build 9200)
| Command      : report_timing_summary -max_paths 10 -routable_nets -report_unconstrained -file ALU_Unit_timing_summary_routed.rpt -pb ALU_Unit_timing_summary_routed.pb -rpx ALU_Unit_timing_summary_routed.rpx -warn_on_violation
| Design       : ALU_Unit
| Device       : 7a35t-cpg236
| Speed File   : -1  PRODUCTION 1.23 2018-06-13
| Design State : Routed
------------------------------------------------------------------------------------------------------------------------------------------------------------------------------------------------------------------------------------

Timing Summary Report

------------------------------------------------------------------------------------------------
| Timer Settings
| --------------
------------------------------------------------------------------------------------------------

  Enable Multi Corner Analysis               :  Yes
  Enable Pessimism Removal                   :  Yes
  Pessimism Removal Resolution               :  Nearest Common Node
  Enable Input Delay Default Clock           :  No
  Enable Preset / Clear Arcs                 :  No
  Disable Flight Delays                      :  No
  Ignore I/O Paths                           :  No
  Timing Early Launch at Borrowing Latches   :  No
  Borrow Time for Max Delay Exceptions       :  Yes
  Merge Timing Exceptions                    :  Yes
  Inter-SLR Compensation                     :  Conservative

  Corner  Analyze    Analyze    
  Name    Max Paths  Min Paths  
  ------  ---------  ---------  
  Slow    Yes        Yes        
  Fast    Yes        Yes        


------------------------------------------------------------------------------------------------
| Report Methodology
| ------------------
------------------------------------------------------------------------------------------------

No report available as report_methodology has not been run prior. Run report_methodology on the current design for the summary of methodology violations.



check_timing report

Table of Contents
-----------------
1. checking no_clock (0)
2. checking constant_clock (0)
3. checking pulse_width_clock (0)
4. checking unconstrained_internal_endpoints (0)
5. checking no_input_delay (0)
6. checking no_output_delay (0)
7. checking multiple_clock (0)
8. checking generated_clocks (0)
9. checking loops (0)
10. checking partial_input_delay (0)
11. checking partial_output_delay (0)
12. checking latch_loops (0)

1. checking no_clock (0)
------------------------
 There are 0 register/latch pins with no clock.


2. checking constant_clock (0)
------------------------------
 There are 0 register/latch pins with constant_clock.


3. checking pulse_width_clock (0)
---------------------------------
 There are 0 register/latch pins which need pulse_width check


4. checking unconstrained_internal_endpoints (0)
------------------------------------------------
 There are 0 pins that are not constrained for maximum delay.

 There are 0 pins that are not constrained for maximum delay due to constant clock.


5. checking no_input_delay (0)
------------------------------
 There are 0 input ports with no input delay specified.

 There are 0 input ports with no input delay but user has a false path constraint.


6. checking no_output_delay (0)
-------------------------------
 There are 0 ports with no output delay specified.

 There are 0 ports with no output delay but user has a false path constraint

 There are 0 ports with no output delay but with a timing clock defined on it or propagating through it


7. checking multiple_clock (0)
------------------------------
 There are 0 register/latch pins with multiple clocks.


8. checking generated_clocks (0)
--------------------------------
 There are 0 generated clocks that are not connected to a clock source.


9. checking loops (0)
---------------------
 There are 0 combinational loops in the design.


10. checking partial_input_delay (0)
------------------------------------
 There are 0 input ports with partial input delay specified.


11. checking partial_output_delay (0)
-------------------------------------
 There are 0 ports with partial output delay specified.


12. checking latch_loops (0)
----------------------------
 There are 0 combinational latch loops in the design through latch input



------------------------------------------------------------------------------------------------
| Design Timing Summary
| ---------------------
------------------------------------------------------------------------------------------------

    WNS(ns)      TNS(ns)  TNS Failing Endpoints  TNS Total Endpoints      WHS(ns)      THS(ns)  THS Failing Endpoints  THS Total Endpoints     WPWS(ns)     TPWS(ns)  TPWS Failing Endpoints  TPWS Total Endpoints  
    -------      -------  ---------------------  -------------------      -------      -------  ---------------------  -------------------     --------     --------  ----------------------  --------------------  
        inf        0.000                      0                    4          inf        0.000                      0                    4           NA           NA                      NA                    NA  


There are no user specified timing constraints.


------------------------------------------------------------------------------------------------
| Clock Summary
| -------------
------------------------------------------------------------------------------------------------


------------------------------------------------------------------------------------------------
| Intra Clock Table
| -----------------
------------------------------------------------------------------------------------------------

Clock             WNS(ns)      TNS(ns)  TNS Failing Endpoints  TNS Total Endpoints      WHS(ns)      THS(ns)  THS Failing Endpoints  THS Total Endpoints     WPWS(ns)     TPWS(ns)  TPWS Failing Endpoints  TPWS Total Endpoints  
-----             -------      -------  ---------------------  -------------------      -------      -------  ---------------------  -------------------     --------     --------  ----------------------  --------------------  


------------------------------------------------------------------------------------------------
| Inter Clock Table
| -----------------
------------------------------------------------------------------------------------------------

From Clock    To Clock          WNS(ns)      TNS(ns)  TNS Failing Endpoints  TNS Total Endpoints      WHS(ns)      THS(ns)  THS Failing Endpoints  THS Total Endpoints  
----------    --------          -------      -------  ---------------------  -------------------      -------      -------  ---------------------  -------------------  


------------------------------------------------------------------------------------------------
| Other Path Groups Table
| -----------------------
------------------------------------------------------------------------------------------------

Path Group    From Clock    To Clock          WNS(ns)      TNS(ns)  TNS Failing Endpoints  TNS Total Endpoints      WHS(ns)      THS(ns)  THS Failing Endpoints  THS Total Endpoints  
----------    ----------    --------          -------      -------  ---------------------  -------------------      -------      -------  ---------------------  -------------------  


------------------------------------------------------------------------------------------------
| User Ignored Path Table
| -----------------------
------------------------------------------------------------------------------------------------

Path Group    From Clock    To Clock    
----------    ----------    --------    


------------------------------------------------------------------------------------------------
| Unconstrained Path Table
| ------------------------
------------------------------------------------------------------------------------------------

Path Group    From Clock    To Clock    
----------    ----------    --------    
(none)                                    


------------------------------------------------------------------------------------------------
| Timing Details
| --------------
------------------------------------------------------------------------------------------------


--------------------------------------------------------------------------------------
Path Group:  (none)
From Clock:  
  To Clock:  

Max Delay             4 Endpoints
Min Delay             4 Endpoints
--------------------------------------------------------------------------------------


Max Delay Paths
--------------------------------------------------------------------------------------
Slack:                    inf
  Source:                 Sel[0]
                            (input port)
  Destination:            Ouptut_Alu[1]
                            (output port)
  Path Group:             (none)
  Path Type:              Max at Slow Process Corner
  Data Path Delay:        11.592ns  (logic 5.107ns (44.052%)  route 6.486ns (55.948%))
  Logic Levels:           3  (IBUF=1 LUT4=1 OBUF=1)

    Location             Delay type                Incr(ns)  Path(ns)    Netlist Resource(s)
  -------------------------------------------------------------------    -------------------
    U1                                                0.000     0.000 r  Sel[0] (IN)
                         net (fo=0)                   0.000     0.000    Sel[0]
    U1                   IBUF (Prop_ibuf_I_O)         1.453     1.453 r  Sel_IBUF[0]_inst/O
                         net (fo=4, routed)           4.055     5.507    Component_ALu_output/Mux_2/Sel_IBUF[0]
    SLICE_X0Y12          LUT4 (Prop_lut4_I1_O)        0.124     5.631 r  Component_ALu_output/Mux_2/O/O
                         net (fo=1, routed)           2.431     8.062    Ouptut_Alu_OBUF[1]
    E19                  OBUF (Prop_obuf_I_O)         3.530    11.592 r  Ouptut_Alu_OBUF[1]_inst/O
                         net (fo=0)                   0.000    11.592    Ouptut_Alu[1]
    E19                                                               r  Ouptut_Alu[1] (OUT)
  -------------------------------------------------------------------    -------------------

Slack:                    inf
  Source:                 Sel[0]
                            (input port)
  Destination:            Ouptut_Alu[2]
                            (output port)
  Path Group:             (none)
  Path Type:              Max at Slow Process Corner
  Data Path Delay:        11.265ns  (logic 5.078ns (45.076%)  route 6.187ns (54.924%))
  Logic Levels:           3  (IBUF=1 LUT4=1 OBUF=1)

    Location             Delay type                Incr(ns)  Path(ns)    Netlist Resource(s)
  -------------------------------------------------------------------    -------------------
    U1                                                0.000     0.000 r  Sel[0] (IN)
                         net (fo=0)                   0.000     0.000    Sel[0]
    U1                   IBUF (Prop_ibuf_I_O)         1.453     1.453 r  Sel_IBUF[0]_inst/O
                         net (fo=4, routed)           4.128     5.581    Component_ALu_output/Mux_3/Sel_IBUF[0]
    SLICE_X0Y10          LUT4 (Prop_lut4_I1_O)        0.124     5.705 r  Component_ALu_output/Mux_3/O/O
                         net (fo=1, routed)           2.059     7.764    Ouptut_Alu_OBUF[2]
    U19                  OBUF (Prop_obuf_I_O)         3.501    11.265 r  Ouptut_Alu_OBUF[2]_inst/O
                         net (fo=0)                   0.000    11.265    Ouptut_Alu[2]
    U19                                                               r  Ouptut_Alu[2] (OUT)
  -------------------------------------------------------------------    -------------------

Slack:                    inf
  Source:                 Sel[0]
                            (input port)
  Destination:            Ouptut_Alu[3]
                            (output port)
  Path Group:             (none)
  Path Type:              Max at Slow Process Corner
  Data Path Delay:        11.169ns  (logic 5.086ns (45.535%)  route 6.083ns (54.465%))
  Logic Levels:           3  (IBUF=1 LUT4=1 OBUF=1)

    Location             Delay type                Incr(ns)  Path(ns)    Netlist Resource(s)
  -------------------------------------------------------------------    -------------------
    U1                                                0.000     0.000 r  Sel[0] (IN)
                         net (fo=0)                   0.000     0.000    Sel[0]
    U1                   IBUF (Prop_ibuf_I_O)         1.453     1.453 r  Sel_IBUF[0]_inst/O
                         net (fo=4, routed)           4.161     5.614    Component_ALu_output/Mux_4/Sel_IBUF[0]
    SLICE_X0Y10          LUT4 (Prop_lut4_I1_O)        0.124     5.738 r  Component_ALu_output/Mux_4/O/O
                         net (fo=1, routed)           1.923     7.660    Ouptut_Alu_OBUF[3]
    V19                  OBUF (Prop_obuf_I_O)         3.509    11.169 r  Ouptut_Alu_OBUF[3]_inst/O
                         net (fo=0)                   0.000    11.169    Ouptut_Alu[3]
    V19                                                               r  Ouptut_Alu[3] (OUT)
  -------------------------------------------------------------------    -------------------

Slack:                    inf
  Source:                 Sel[0]
                            (input port)
  Destination:            Ouptut_Alu[0]
                            (output port)
  Path Group:             (none)
  Path Type:              Max at Slow Process Corner
  Data Path Delay:        11.081ns  (logic 5.082ns (45.859%)  route 5.999ns (54.141%))
  Logic Levels:           3  (IBUF=1 LUT4=1 OBUF=1)

    Location             Delay type                Incr(ns)  Path(ns)    Netlist Resource(s)
  -------------------------------------------------------------------    -------------------
    U1                                                0.000     0.000 r  Sel[0] (IN)
                         net (fo=0)                   0.000     0.000    Sel[0]
    U1                   IBUF (Prop_ibuf_I_O)         1.453     1.453 r  Sel_IBUF[0]_inst/O
                         net (fo=4, routed)           4.125     5.578    Component_ALu_output/Mux_1/Sel_IBUF[0]
    SLICE_X0Y10          LUT4 (Prop_lut4_I1_O)        0.124     5.702 r  Component_ALu_output/Mux_1/O/O
                         net (fo=1, routed)           1.874     7.576    Ouptut_Alu_OBUF[0]
    U16                  OBUF (Prop_obuf_I_O)         3.505    11.081 r  Ouptut_Alu_OBUF[0]_inst/O
                         net (fo=0)                   0.000    11.081    Ouptut_Alu[0]
    U16                                                               r  Ouptut_Alu[0] (OUT)
  -------------------------------------------------------------------    -------------------





Min Delay Paths
--------------------------------------------------------------------------------------
Slack:                    inf
  Source:                 A[2]
                            (input port)
  Destination:            Ouptut_Alu[2]
                            (output port)
  Path Group:             (none)
  Path Type:              Min at Fast Process Corner
  Data Path Delay:        2.312ns  (logic 1.479ns (63.973%)  route 0.833ns (36.027%))
  Logic Levels:           3  (IBUF=1 LUT4=1 OBUF=1)

    Location             Delay type                Incr(ns)  Path(ns)    Netlist Resource(s)
  -------------------------------------------------------------------    -------------------
    W16                                               0.000     0.000 r  A[2] (IN)
                         net (fo=0)                   0.000     0.000    A[2]
    W16                  IBUF (Prop_ibuf_I_O)         0.232     0.232 r  A_IBUF[2]_inst/O
                         net (fo=1, routed)           0.336     0.568    Component_ALu_output/Mux_3/A_IBUF[0]
    SLICE_X0Y10          LUT4 (Prop_lut4_I2_O)        0.045     0.613 r  Component_ALu_output/Mux_3/O/O
                         net (fo=1, routed)           0.497     1.110    Ouptut_Alu_OBUF[2]
    U19                  OBUF (Prop_obuf_I_O)         1.202     2.312 r  Ouptut_Alu_OBUF[2]_inst/O
                         net (fo=0)                   0.000     2.312    Ouptut_Alu[2]
    U19                                                               r  Ouptut_Alu[2] (OUT)
  -------------------------------------------------------------------    -------------------

Slack:                    inf
  Source:                 A[0]
                            (input port)
  Destination:            Ouptut_Alu[0]
                            (output port)
  Path Group:             (none)
  Path Type:              Min at Fast Process Corner
  Data Path Delay:        2.315ns  (logic 1.472ns (63.575%)  route 0.843ns (36.425%))
  Logic Levels:           3  (IBUF=1 LUT4=1 OBUF=1)

    Location             Delay type                Incr(ns)  Path(ns)    Netlist Resource(s)
  -------------------------------------------------------------------    -------------------
    V17                                               0.000     0.000 r  A[0] (IN)
                         net (fo=0)                   0.000     0.000    A[0]
    V17                  IBUF (Prop_ibuf_I_O)         0.221     0.221 r  A_IBUF[0]_inst/O
                         net (fo=1, routed)           0.422     0.643    Component_ALu_output/Mux_1/A_IBUF[0]
    SLICE_X0Y10          LUT4 (Prop_lut4_I2_O)        0.045     0.688 r  Component_ALu_output/Mux_1/O/O
                         net (fo=1, routed)           0.421     1.109    Ouptut_Alu_OBUF[0]
    U16                  OBUF (Prop_obuf_I_O)         1.206     2.315 r  Ouptut_Alu_OBUF[0]_inst/O
                         net (fo=0)                   0.000     2.315    Ouptut_Alu[0]
    U16                                                               r  Ouptut_Alu[0] (OUT)
  -------------------------------------------------------------------    -------------------

Slack:                    inf
  Source:                 A[3]
                            (input port)
  Destination:            Ouptut_Alu[3]
                            (output port)
  Path Group:             (none)
  Path Type:              Min at Fast Process Corner
  Data Path Delay:        2.434ns  (logic 1.472ns (60.466%)  route 0.962ns (39.534%))
  Logic Levels:           3  (IBUF=1 LUT4=1 OBUF=1)

    Location             Delay type                Incr(ns)  Path(ns)    Netlist Resource(s)
  -------------------------------------------------------------------    -------------------
    W17                                               0.000     0.000 r  A[3] (IN)
                         net (fo=0)                   0.000     0.000    A[3]
    W17                  IBUF (Prop_ibuf_I_O)         0.217     0.217 r  A_IBUF[3]_inst/O
                         net (fo=1, routed)           0.525     0.741    Component_ALu_output/Mux_4/A_IBUF[0]
    SLICE_X0Y10          LUT4 (Prop_lut4_I2_O)        0.045     0.786 r  Component_ALu_output/Mux_4/O/O
                         net (fo=1, routed)           0.438     1.224    Ouptut_Alu_OBUF[3]
    V19                  OBUF (Prop_obuf_I_O)         1.210     2.434 r  Ouptut_Alu_OBUF[3]_inst/O
                         net (fo=0)                   0.000     2.434    Ouptut_Alu[3]
    V19                                                               r  Ouptut_Alu[3] (OUT)
  -------------------------------------------------------------------    -------------------

Slack:                    inf
  Source:                 A[1]
                            (input port)
  Destination:            Ouptut_Alu[1]
                            (output port)
  Path Group:             (none)
  Path Type:              Min at Fast Process Corner
  Data Path Delay:        2.474ns  (logic 1.505ns (60.840%)  route 0.969ns (39.160%))
  Logic Levels:           3  (IBUF=1 LUT4=1 OBUF=1)

    Location             Delay type                Incr(ns)  Path(ns)    Netlist Resource(s)
  -------------------------------------------------------------------    -------------------
    V16                                               0.000     0.000 r  A[1] (IN)
                         net (fo=0)                   0.000     0.000    A[1]
    V16                  IBUF (Prop_ibuf_I_O)         0.229     0.229 r  A_IBUF[1]_inst/O
                         net (fo=1, routed)           0.335     0.564    Component_ALu_output/Mux_2/A_IBUF[0]
    SLICE_X0Y12          LUT4 (Prop_lut4_I2_O)        0.045     0.609 r  Component_ALu_output/Mux_2/O/O
                         net (fo=1, routed)           0.634     1.243    Ouptut_Alu_OBUF[1]
    E19                  OBUF (Prop_obuf_I_O)         1.231     2.474 r  Ouptut_Alu_OBUF[1]_inst/O
                         net (fo=0)                   0.000     2.474    Ouptut_Alu[1]
    E19                                                               r  Ouptut_Alu[1] (OUT)
  -------------------------------------------------------------------    -------------------





