
*** Running vivado
    with args -log Top_Level.vds -m64 -product Vivado -mode batch -messageDb vivado.pb -notrace -source Top_Level.tcl



****** Vivado v2025.2 (64-bit)
  **** SW Build 6299465 on Fri Nov 14 19:35:11 GMT 2025
  **** IP Build 6300035 on Fri Nov 14 10:48:45 MST 2025
  **** SharedData Build 6298862 on Thu Nov 13 04:50:51 MST 2025
  **** Start of session at: Sun May 24 18:08:48 2026
    ** Copyright 1986-2022 Xilinx, Inc. All Rights Reserved.
    ** Copyright 2022-2025 Advanced Micro Devices, Inc. All Rights Reserved.

source Top_Level.tcl -notrace
Command: synth_design -top Top_Level -part xc7a35tcpg236-1
Starting synth_design
Attempting to get a license for feature 'Synthesis' and/or device 'xc7a35t'
INFO: [Common 17-349] Got license for feature 'Synthesis' and/or device 'xc7a35t'
INFO: [Device 21-403] Loading part xc7a35tcpg236-1
INFO: [Synth 8-7079] Multithreading enabled for synth_design using a maximum of 2 processes.
INFO: [Synth 8-7078] Launching helper process for spawning children vivado processes
INFO: [Synth 8-7075] Helper process launched with PID 32744
---------------------------------------------------------------------------------
Starting RTL Elaboration : Time (s): cpu = 00:00:03 ; elapsed = 00:00:04 . Memory (MB): peak = 1259.445 ; gain = 539.863
---------------------------------------------------------------------------------
INFO: [Synth 8-638] synthesizing module 'Top_Level' [D:/Facultate/Facultate I sem II/DSD/Test subiecte/Arhiva 2025/Subject 1/Subject 1.srcs/sources_1/new/Top_Level.vhd:22]
INFO: [Synth 8-3491] module 'Top_lvl_ROM_CNT' declared at 'D:/Facultate/Facultate I sem II/DSD/Test subiecte/Arhiva 2025/Subject 1/Subject 1.srcs/sources_1/new/Top_lvl_ROM_CNT.vhd:34' bound to instance 'CNT' of component 'Top_lvl_ROM_CNT' [D:/Facultate/Facultate I sem II/DSD/Test subiecte/Arhiva 2025/Subject 1/Subject 1.srcs/sources_1/new/Top_Level.vhd:42]
INFO: [Synth 8-638] synthesizing module 'Top_lvl_ROM_CNT' [D:/Facultate/Facultate I sem II/DSD/Test subiecte/Arhiva 2025/Subject 1/Subject 1.srcs/sources_1/new/Top_lvl_ROM_CNT.vhd:41]
INFO: [Synth 8-3491] module 'bit_3counter' declared at 'D:/Facultate/Facultate I sem II/DSD/Test subiecte/Arhiva 2025/Subject 1/Subject 1.srcs/sources_1/new/bit_3counter.vhd:18' bound to instance 'CNT' of component 'bit_3counter' [D:/Facultate/Facultate I sem II/DSD/Test subiecte/Arhiva 2025/Subject 1/Subject 1.srcs/sources_1/new/Top_lvl_ROM_CNT.vhd:60]
INFO: [Synth 8-638] synthesizing module 'bit_3counter' [D:/Facultate/Facultate I sem II/DSD/Test subiecte/Arhiva 2025/Subject 1/Subject 1.srcs/sources_1/new/bit_3counter.vhd:25]
INFO: [Synth 8-256] done synthesizing module 'bit_3counter' (0#1) [D:/Facultate/Facultate I sem II/DSD/Test subiecte/Arhiva 2025/Subject 1/Subject 1.srcs/sources_1/new/bit_3counter.vhd:25]
INFO: [Synth 8-3491] module 'ROM' declared at 'D:/Facultate/Facultate I sem II/DSD/Test subiecte/Arhiva 2025/Subject 1/Subject 1.srcs/sources_1/new/ROM.vhd:7' bound to instance 'Rom_a' of component 'ROM' [D:/Facultate/Facultate I sem II/DSD/Test subiecte/Arhiva 2025/Subject 1/Subject 1.srcs/sources_1/new/Top_lvl_ROM_CNT.vhd:66]
INFO: [Synth 8-638] synthesizing module 'ROM' [D:/Facultate/Facultate I sem II/DSD/Test subiecte/Arhiva 2025/Subject 1/Subject 1.srcs/sources_1/new/ROM.vhd:14]
INFO: [Synth 8-256] done synthesizing module 'ROM' (0#1) [D:/Facultate/Facultate I sem II/DSD/Test subiecte/Arhiva 2025/Subject 1/Subject 1.srcs/sources_1/new/ROM.vhd:14]
INFO: [Synth 8-256] done synthesizing module 'Top_lvl_ROM_CNT' (0#1) [D:/Facultate/Facultate I sem II/DSD/Test subiecte/Arhiva 2025/Subject 1/Subject 1.srcs/sources_1/new/Top_lvl_ROM_CNT.vhd:41]
INFO: [Synth 8-3491] module 'MPG' declared at 'D:/Facultate/Facultate I sem II/DSD/Test subiecte/Arhiva 2025/Subject 1/Subject 1.srcs/sources_1/new/MPG.vhd:6' bound to instance 'Btn_cnt' of component 'MPG' [D:/Facultate/Facultate I sem II/DSD/Test subiecte/Arhiva 2025/Subject 1/Subject 1.srcs/sources_1/new/Top_Level.vhd:48]
INFO: [Synth 8-638] synthesizing module 'MPG' [D:/Facultate/Facultate I sem II/DSD/Test subiecte/Arhiva 2025/Subject 1/Subject 1.srcs/sources_1/new/MPG.vhd:12]
INFO: [Synth 8-256] done synthesizing module 'MPG' (0#1) [D:/Facultate/Facultate I sem II/DSD/Test subiecte/Arhiva 2025/Subject 1/Subject 1.srcs/sources_1/new/MPG.vhd:12]
INFO: [Synth 8-256] done synthesizing module 'Top_Level' (0#1) [D:/Facultate/Facultate I sem II/DSD/Test subiecte/Arhiva 2025/Subject 1/Subject 1.srcs/sources_1/new/Top_Level.vhd:22]
---------------------------------------------------------------------------------
Finished RTL Elaboration : Time (s): cpu = 00:00:04 ; elapsed = 00:00:05 . Memory (MB): peak = 1377.312 ; gain = 657.730
---------------------------------------------------------------------------------
---------------------------------------------------------------------------------
Start Handling Custom Attributes
---------------------------------------------------------------------------------
---------------------------------------------------------------------------------
Finished Handling Custom Attributes : Time (s): cpu = 00:00:04 ; elapsed = 00:00:05 . Memory (MB): peak = 1377.312 ; gain = 657.730
---------------------------------------------------------------------------------
---------------------------------------------------------------------------------
Finished RTL Optimization Phase 1 : Time (s): cpu = 00:00:04 ; elapsed = 00:00:05 . Memory (MB): peak = 1377.312 ; gain = 657.730
---------------------------------------------------------------------------------
Netlist sorting complete. Time (s): cpu = 00:00:00 ; elapsed = 00:00:00 . Memory (MB): peak = 1377.312 ; gain = 0.000
INFO: [Project 1-570] Preparing netlist for logic optimization

Processing XDC Constraints
Initializing timing engine
Parsing XDC File [D:/Facultate/Facultate I sem II/DSD/Test subiecte/Arhiva 2025/Subject 1/Subject 1.srcs/constrs_1/new/cst.xdc]
Finished Parsing XDC File [D:/Facultate/Facultate I sem II/DSD/Test subiecte/Arhiva 2025/Subject 1/Subject 1.srcs/constrs_1/new/cst.xdc]
INFO: [Project 1-236] Implementation specific constraints were found while reading constraint file [D:/Facultate/Facultate I sem II/DSD/Test subiecte/Arhiva 2025/Subject 1/Subject 1.srcs/constrs_1/new/cst.xdc]. These constraints will be ignored for synthesis but will be used in implementation. Impacted constraints are listed in the file [.Xil/Top_Level_propImpl.xdc].
Resolution: To avoid this warning, move constraints listed in [.Xil/Top_Level_propImpl.xdc] to another XDC file and exclude this new file from synthesis with the used_in_synthesis property (File Properties dialog in GUI) and re-run elaboration/synthesis.
Completed Processing XDC Constraints

Netlist sorting complete. Time (s): cpu = 00:00:00 ; elapsed = 00:00:00 . Memory (MB): peak = 1427.457 ; gain = 0.000
INFO: [Project 1-111] Unisim Transformation Summary:
No Unisim elements were transformed.

Constraint Validation Runtime : Time (s): cpu = 00:00:00 ; elapsed = 00:00:00.002 . Memory (MB): peak = 1427.457 ; gain = 0.000
---------------------------------------------------------------------------------
Finished Constraint Validation : Time (s): cpu = 00:00:10 ; elapsed = 00:00:11 . Memory (MB): peak = 1427.457 ; gain = 707.875
---------------------------------------------------------------------------------
---------------------------------------------------------------------------------
Start Loading Part and Timing Information
---------------------------------------------------------------------------------
Loading part: xc7a35tcpg236-1
---------------------------------------------------------------------------------
Finished Loading Part and Timing Information : Time (s): cpu = 00:00:10 ; elapsed = 00:00:11 . Memory (MB): peak = 1427.457 ; gain = 707.875
---------------------------------------------------------------------------------
---------------------------------------------------------------------------------
Start Applying 'set_property' XDC Constraints
---------------------------------------------------------------------------------
---------------------------------------------------------------------------------
Finished applying 'set_property' XDC Constraints : Time (s): cpu = 00:00:10 ; elapsed = 00:00:11 . Memory (MB): peak = 1427.457 ; gain = 707.875
---------------------------------------------------------------------------------
---------------------------------------------------------------------------------
Finished RTL Optimization Phase 2 : Time (s): cpu = 00:00:10 ; elapsed = 00:00:11 . Memory (MB): peak = 1427.457 ; gain = 707.875
---------------------------------------------------------------------------------
---------------------------------------------------------------------------------
Start RTL Component Statistics 
---------------------------------------------------------------------------------
Detailed RTL Component Info : 
+---Adders : 
	   2 Input    3 Bit       Adders := 1     
+---Registers : 
	                3 Bit    Registers := 1     
	                1 Bit    Registers := 3     
+---Muxes : 
	   9 Input    4 Bit        Muxes := 1     
---------------------------------------------------------------------------------
Finished RTL Component Statistics 
---------------------------------------------------------------------------------
---------------------------------------------------------------------------------
Start Part Resource Summary
---------------------------------------------------------------------------------
Part Resources:
DSPs: 90 (col length:60)
BRAMs: 100 (col length: RAMB18 60 RAMB36 30)
---------------------------------------------------------------------------------
Finished Part Resource Summary
---------------------------------------------------------------------------------
---------------------------------------------------------------------------------
Start Cross Boundary and Area Optimization
---------------------------------------------------------------------------------
---------------------------------------------------------------------------------
Finished Cross Boundary and Area Optimization : Time (s): cpu = 00:00:12 ; elapsed = 00:00:13 . Memory (MB): peak = 1427.457 ; gain = 707.875
---------------------------------------------------------------------------------
---------------------------------------------------------------------------------
Start Applying XDC Timing Constraints
---------------------------------------------------------------------------------
---------------------------------------------------------------------------------
Finished Applying XDC Timing Constraints : Time (s): cpu = 00:00:15 ; elapsed = 00:00:16 . Memory (MB): peak = 1577.422 ; gain = 857.840
---------------------------------------------------------------------------------
---------------------------------------------------------------------------------
Start Timing Optimization
---------------------------------------------------------------------------------
---------------------------------------------------------------------------------
Finished Timing Optimization : Time (s): cpu = 00:00:15 ; elapsed = 00:00:16 . Memory (MB): peak = 1596.535 ; gain = 876.953
---------------------------------------------------------------------------------
---------------------------------------------------------------------------------
Start Technology Mapping
---------------------------------------------------------------------------------
---------------------------------------------------------------------------------
Finished Technology Mapping : Time (s): cpu = 00:00:15 ; elapsed = 00:00:16 . Memory (MB): peak = 1596.535 ; gain = 876.953
---------------------------------------------------------------------------------
---------------------------------------------------------------------------------
Start IO Insertion
---------------------------------------------------------------------------------
---------------------------------------------------------------------------------
Start Flattening Before IO Insertion
---------------------------------------------------------------------------------
---------------------------------------------------------------------------------
Finished Flattening Before IO Insertion
---------------------------------------------------------------------------------
---------------------------------------------------------------------------------
Start Final Netlist Cleanup
---------------------------------------------------------------------------------
---------------------------------------------------------------------------------
Finished Final Netlist Cleanup
---------------------------------------------------------------------------------
---------------------------------------------------------------------------------
Finished IO Insertion : Time (s): cpu = 00:00:17 ; elapsed = 00:00:19 . Memory (MB): peak = 1837.895 ; gain = 1118.312
---------------------------------------------------------------------------------
---------------------------------------------------------------------------------
Start Renaming Generated Instances
---------------------------------------------------------------------------------
---------------------------------------------------------------------------------
Finished Renaming Generated Instances : Time (s): cpu = 00:00:17 ; elapsed = 00:00:19 . Memory (MB): peak = 1837.895 ; gain = 1118.312
---------------------------------------------------------------------------------
---------------------------------------------------------------------------------
Start Rebuilding User Hierarchy
---------------------------------------------------------------------------------
---------------------------------------------------------------------------------
Finished Rebuilding User Hierarchy : Time (s): cpu = 00:00:17 ; elapsed = 00:00:19 . Memory (MB): peak = 1837.895 ; gain = 1118.312
---------------------------------------------------------------------------------
---------------------------------------------------------------------------------
Start Renaming Generated Ports
---------------------------------------------------------------------------------
---------------------------------------------------------------------------------
Finished Renaming Generated Ports : Time (s): cpu = 00:00:17 ; elapsed = 00:00:19 . Memory (MB): peak = 1837.895 ; gain = 1118.312
---------------------------------------------------------------------------------
---------------------------------------------------------------------------------
Start Handling Custom Attributes
---------------------------------------------------------------------------------
---------------------------------------------------------------------------------
Finished Handling Custom Attributes : Time (s): cpu = 00:00:17 ; elapsed = 00:00:19 . Memory (MB): peak = 1837.895 ; gain = 1118.312
---------------------------------------------------------------------------------
---------------------------------------------------------------------------------
Start Renaming Generated Nets
---------------------------------------------------------------------------------
---------------------------------------------------------------------------------
Finished Renaming Generated Nets : Time (s): cpu = 00:00:17 ; elapsed = 00:00:19 . Memory (MB): peak = 1837.895 ; gain = 1118.312
---------------------------------------------------------------------------------
---------------------------------------------------------------------------------
Start Writing Synthesis Report
---------------------------------------------------------------------------------

Report BlackBoxes: 
+-+--------------+----------+
| |BlackBox name |Instances |
+-+--------------+----------+
+-+--------------+----------+

Report Cell Usage: 
+------+-------+------+
|      |Cell   |Count |
+------+-------+------+
|1     |BUFG   |     1|
|2     |CARRY4 |     4|
|3     |LUT1   |     2|
|4     |LUT2   |     2|
|5     |LUT3   |     5|
|6     |LUT6   |     3|
|7     |FDCE   |     3|
|8     |FDRE   |    19|
|9     |IBUF   |     3|
|10    |OBUF   |     4|
+------+-------+------+
---------------------------------------------------------------------------------
Finished Writing Synthesis Report : Time (s): cpu = 00:00:17 ; elapsed = 00:00:19 . Memory (MB): peak = 1837.895 ; gain = 1118.312
---------------------------------------------------------------------------------
Synthesis finished with 0 errors, 0 critical warnings and 0 warnings.
Synthesis Optimization Runtime : Time (s): cpu = 00:00:12 ; elapsed = 00:00:17 . Memory (MB): peak = 1837.895 ; gain = 1068.168
Synthesis Optimization Complete : Time (s): cpu = 00:00:18 ; elapsed = 00:00:19 . Memory (MB): peak = 1837.895 ; gain = 1118.312
INFO: [Project 1-571] Translating synthesized netlist
Netlist sorting complete. Time (s): cpu = 00:00:00 ; elapsed = 00:00:00 . Memory (MB): peak = 1846.066 ; gain = 0.000
INFO: [Netlist 29-17] Analyzing 4 Unisim elements for replacement
INFO: [Netlist 29-28] Unisim Transformation completed in 0 CPU seconds
INFO: [Project 1-570] Preparing netlist for logic optimization
INFO: [Opt 31-138] Pushed 0 inverter(s) to 0 load pin(s).
Netlist sorting complete. Time (s): cpu = 00:00:00 ; elapsed = 00:00:00 . Memory (MB): peak = 1847.750 ; gain = 0.000
INFO: [Project 1-111] Unisim Transformation Summary:
No Unisim elements were transformed.

Synth Design complete | Checksum: a6c452
INFO: [Common 17-83] Releasing license: Synthesis
29 Infos, 0 Warnings, 0 Critical Warnings and 0 Errors encountered.
synth_design completed successfully
synth_design: Time (s): cpu = 00:00:20 ; elapsed = 00:00:23 . Memory (MB): peak = 1847.750 ; gain = 1318.285
Write ShapeDB Complete: Time (s): cpu = 00:00:00 ; elapsed = 00:00:00.001 . Memory (MB): peak = 1847.750 ; gain = 0.000
INFO: [Common 17-1381] The checkpoint 'D:/Facultate/Facultate I sem II/DSD/Test subiecte/Arhiva 2025/Subject 1/Subject 1.runs/synth_1/Top_Level.dcp' has been generated.
INFO: [Vivado 12-24828] Executing command : report_utilization -file Top_Level_utilization_synth.rpt -pb Top_Level_utilization_synth.pb
INFO: [Common 17-206] Exiting Vivado at Sun May 24 18:09:16 2026...
