
*** Running vivado
    with args -log ALU_Unit.vds -m64 -product Vivado -mode batch -messageDb vivado.pb -notrace -source ALU_Unit.tcl



****** Vivado v2025.2 (64-bit)
  **** SW Build 6299465 on Fri Nov 14 19:35:11 GMT 2025
  **** IP Build 6300035 on Fri Nov 14 10:48:45 MST 2025
  **** SharedData Build 6298862 on Thu Nov 13 04:50:51 MST 2025
  **** Start of session at: Thu May 21 11:54:50 2026
    ** Copyright 1986-2022 Xilinx, Inc. All Rights Reserved.
    ** Copyright 2022-2025 Advanced Micro Devices, Inc. All Rights Reserved.

source ALU_Unit.tcl -notrace
create_project: Time (s): cpu = 00:00:12 ; elapsed = 00:00:09 . Memory (MB): peak = 529.340 ; gain = 220.129
Command: synth_design -top ALU_Unit -part xc7a35tcpg236-1
Starting synth_design
Attempting to get a license for feature 'Synthesis' and/or device 'xc7a35t'
INFO: [Common 17-349] Got license for feature 'Synthesis' and/or device 'xc7a35t'
INFO: [Device 21-403] Loading part xc7a35tcpg236-1
INFO: [Synth 8-7079] Multithreading enabled for synth_design using a maximum of 2 processes.
INFO: [Synth 8-7078] Launching helper process for spawning children vivado processes
INFO: [Synth 8-7075] Helper process launched with PID 24924
---------------------------------------------------------------------------------
Starting RTL Elaboration : Time (s): cpu = 00:00:08 ; elapsed = 00:00:10 . Memory (MB): peak = 1258.418 ; gain = 539.938
---------------------------------------------------------------------------------
INFO: [Synth 8-638] synthesizing module 'ALU_Unit' [D:/Facultate/Facultate I sem II/DSD/Test subiecte/Exercise 3/Exercise 3.srcs/sources_1/new/ALU_Unit.vhd:23]
INFO: [Synth 8-3491] module 'Mux_4_4' declared at 'D:/Facultate/Facultate I sem II/DSD/Test subiecte/Exercise 3/Exercise 3.srcs/sources_1/new/Mux_4_4.vhd:16' bound to instance 'Component_ALu_output' of component 'Mux_4_4' [D:/Facultate/Facultate I sem II/DSD/Test subiecte/Exercise 3/Exercise 3.srcs/sources_1/new/ALU_Unit.vhd:45]
INFO: [Synth 8-638] synthesizing module 'Mux_4_4' [D:/Facultate/Facultate I sem II/DSD/Test subiecte/Exercise 3/Exercise 3.srcs/sources_1/new/Mux_4_4.vhd:25]
INFO: [Synth 8-3491] module 'Mux_4_1' declared at 'D:/Facultate/Facultate I sem II/DSD/Test subiecte/Exercise 3/Exercise 3.srcs/sources_1/new/Mux_4_1.vhd:34' bound to instance 'Mux_1' of component 'Mux_4_1' [D:/Facultate/Facultate I sem II/DSD/Test subiecte/Exercise 3/Exercise 3.srcs/sources_1/new/Mux_4_4.vhd:40]
INFO: [Synth 8-638] synthesizing module 'Mux_4_1' [D:/Facultate/Facultate I sem II/DSD/Test subiecte/Exercise 3/Exercise 3.srcs/sources_1/new/Mux_4_1.vhd:40]
INFO: [Synth 8-256] done synthesizing module 'Mux_4_1' (0#1) [D:/Facultate/Facultate I sem II/DSD/Test subiecte/Exercise 3/Exercise 3.srcs/sources_1/new/Mux_4_1.vhd:40]
INFO: [Synth 8-3491] module 'Mux_4_1' declared at 'D:/Facultate/Facultate I sem II/DSD/Test subiecte/Exercise 3/Exercise 3.srcs/sources_1/new/Mux_4_1.vhd:34' bound to instance 'Mux_2' of component 'Mux_4_1' [D:/Facultate/Facultate I sem II/DSD/Test subiecte/Exercise 3/Exercise 3.srcs/sources_1/new/Mux_4_4.vhd:46]
INFO: [Synth 8-3491] module 'Mux_4_1' declared at 'D:/Facultate/Facultate I sem II/DSD/Test subiecte/Exercise 3/Exercise 3.srcs/sources_1/new/Mux_4_1.vhd:34' bound to instance 'Mux_3' of component 'Mux_4_1' [D:/Facultate/Facultate I sem II/DSD/Test subiecte/Exercise 3/Exercise 3.srcs/sources_1/new/Mux_4_4.vhd:51]
INFO: [Synth 8-3491] module 'Mux_4_1' declared at 'D:/Facultate/Facultate I sem II/DSD/Test subiecte/Exercise 3/Exercise 3.srcs/sources_1/new/Mux_4_1.vhd:34' bound to instance 'Mux_4' of component 'Mux_4_1' [D:/Facultate/Facultate I sem II/DSD/Test subiecte/Exercise 3/Exercise 3.srcs/sources_1/new/Mux_4_4.vhd:57]
INFO: [Synth 8-256] done synthesizing module 'Mux_4_4' (0#1) [D:/Facultate/Facultate I sem II/DSD/Test subiecte/Exercise 3/Exercise 3.srcs/sources_1/new/Mux_4_4.vhd:25]
INFO: [Synth 8-256] done synthesizing module 'ALU_Unit' (0#1) [D:/Facultate/Facultate I sem II/DSD/Test subiecte/Exercise 3/Exercise 3.srcs/sources_1/new/ALU_Unit.vhd:23]
---------------------------------------------------------------------------------
Finished RTL Elaboration : Time (s): cpu = 00:00:11 ; elapsed = 00:00:13 . Memory (MB): peak = 1375.613 ; gain = 657.133
---------------------------------------------------------------------------------
---------------------------------------------------------------------------------
Start Handling Custom Attributes
---------------------------------------------------------------------------------
---------------------------------------------------------------------------------
Finished Handling Custom Attributes : Time (s): cpu = 00:00:11 ; elapsed = 00:00:13 . Memory (MB): peak = 1375.613 ; gain = 657.133
---------------------------------------------------------------------------------
---------------------------------------------------------------------------------
Finished RTL Optimization Phase 1 : Time (s): cpu = 00:00:11 ; elapsed = 00:00:13 . Memory (MB): peak = 1375.613 ; gain = 657.133
---------------------------------------------------------------------------------
Netlist sorting complete. Time (s): cpu = 00:00:00 ; elapsed = 00:00:00.001 . Memory (MB): peak = 1375.613 ; gain = 0.000
INFO: [Project 1-570] Preparing netlist for logic optimization

Processing XDC Constraints
Initializing timing engine
Parsing XDC File [D:/Facultate/Facultate I sem II/DSD/Test subiecte/Exercise 3/Exercise 3.srcs/constrs_1/new/cst.xdc]
WARNING: [Vivado 12-584] No ports matched 'Sel[2]'. [D:/Facultate/Facultate I sem II/DSD/Test subiecte/Exercise 3/Exercise 3.srcs/constrs_1/new/cst.xdc:27]
CRITICAL WARNING: [Common 17-55] 'set_property' expects at least one object. [D:/Facultate/Facultate I sem II/DSD/Test subiecte/Exercise 3/Exercise 3.srcs/constrs_1/new/cst.xdc:27]
Resolution: If [get_<value>] was used to populate the object, check to make sure this command returns at least one valid object.
Finished Parsing XDC File [D:/Facultate/Facultate I sem II/DSD/Test subiecte/Exercise 3/Exercise 3.srcs/constrs_1/new/cst.xdc]
INFO: [Project 1-236] Implementation specific constraints were found while reading constraint file [D:/Facultate/Facultate I sem II/DSD/Test subiecte/Exercise 3/Exercise 3.srcs/constrs_1/new/cst.xdc]. These constraints will be ignored for synthesis but will be used in implementation. Impacted constraints are listed in the file [.Xil/ALU_Unit_propImpl.xdc].
Resolution: To avoid this warning, move constraints listed in [.Xil/ALU_Unit_propImpl.xdc] to another XDC file and exclude this new file from synthesis with the used_in_synthesis property (File Properties dialog in GUI) and re-run elaboration/synthesis.
Completed Processing XDC Constraints

Netlist sorting complete. Time (s): cpu = 00:00:00 ; elapsed = 00:00:00 . Memory (MB): peak = 1410.824 ; gain = 0.000
INFO: [Project 1-111] Unisim Transformation Summary:
No Unisim elements were transformed.

Constraint Validation Runtime : Time (s): cpu = 00:00:00 ; elapsed = 00:00:00.004 . Memory (MB): peak = 1410.824 ; gain = 0.000
---------------------------------------------------------------------------------
Finished Constraint Validation : Time (s): cpu = 00:00:23 ; elapsed = 00:00:26 . Memory (MB): peak = 1410.824 ; gain = 692.344
---------------------------------------------------------------------------------
---------------------------------------------------------------------------------
Start Loading Part and Timing Information
---------------------------------------------------------------------------------
Loading part: xc7a35tcpg236-1
---------------------------------------------------------------------------------
Finished Loading Part and Timing Information : Time (s): cpu = 00:00:23 ; elapsed = 00:00:26 . Memory (MB): peak = 1410.824 ; gain = 692.344
---------------------------------------------------------------------------------
---------------------------------------------------------------------------------
Start Applying 'set_property' XDC Constraints
---------------------------------------------------------------------------------
---------------------------------------------------------------------------------
Finished applying 'set_property' XDC Constraints : Time (s): cpu = 00:00:23 ; elapsed = 00:00:26 . Memory (MB): peak = 1410.824 ; gain = 692.344
---------------------------------------------------------------------------------
---------------------------------------------------------------------------------
Finished RTL Optimization Phase 2 : Time (s): cpu = 00:00:24 ; elapsed = 00:00:26 . Memory (MB): peak = 1410.824 ; gain = 692.344
---------------------------------------------------------------------------------
---------------------------------------------------------------------------------
Start RTL Component Statistics 
---------------------------------------------------------------------------------
Detailed RTL Component Info : 
+---XORs : 
	   2 Input      4 Bit         XORs := 1     
---------------------------------------------------------------------------------
Finished RTL Component Statistics 
---------------------------------------------------------------------------------
---------------------------------------------------------------------------------
Start Part Resource Summary
---------------------------------------------------------------------------------
Part Resources:
DSPs: 90 (col length:60)
BRAMs: 100 (col length: RAMB18 60 RAMB36 30)
---------------------------------------------------------------------------------
Finished Part Resource Summary
---------------------------------------------------------------------------------
---------------------------------------------------------------------------------
Start Cross Boundary and Area Optimization
---------------------------------------------------------------------------------
---------------------------------------------------------------------------------
Finished Cross Boundary and Area Optimization : Time (s): cpu = 00:00:27 ; elapsed = 00:00:30 . Memory (MB): peak = 1410.824 ; gain = 692.344
---------------------------------------------------------------------------------
---------------------------------------------------------------------------------
Start Applying XDC Timing Constraints
---------------------------------------------------------------------------------
---------------------------------------------------------------------------------
Finished Applying XDC Timing Constraints : Time (s): cpu = 00:00:35 ; elapsed = 00:00:38 . Memory (MB): peak = 1560.832 ; gain = 842.352
---------------------------------------------------------------------------------
---------------------------------------------------------------------------------
Start Timing Optimization
---------------------------------------------------------------------------------
---------------------------------------------------------------------------------
Finished Timing Optimization : Time (s): cpu = 00:00:35 ; elapsed = 00:00:38 . Memory (MB): peak = 1560.832 ; gain = 842.352
---------------------------------------------------------------------------------
---------------------------------------------------------------------------------
Start Technology Mapping
---------------------------------------------------------------------------------
---------------------------------------------------------------------------------
Finished Technology Mapping : Time (s): cpu = 00:00:35 ; elapsed = 00:00:38 . Memory (MB): peak = 1570.523 ; gain = 852.043
---------------------------------------------------------------------------------
---------------------------------------------------------------------------------
Start IO Insertion
---------------------------------------------------------------------------------
---------------------------------------------------------------------------------
Start Flattening Before IO Insertion
---------------------------------------------------------------------------------
---------------------------------------------------------------------------------
Finished Flattening Before IO Insertion
---------------------------------------------------------------------------------
---------------------------------------------------------------------------------
Start Final Netlist Cleanup
---------------------------------------------------------------------------------
---------------------------------------------------------------------------------
Finished Final Netlist Cleanup
---------------------------------------------------------------------------------
---------------------------------------------------------------------------------
Finished IO Insertion : Time (s): cpu = 00:00:42 ; elapsed = 00:00:45 . Memory (MB): peak = 1820.199 ; gain = 1101.719
---------------------------------------------------------------------------------
---------------------------------------------------------------------------------
Start Renaming Generated Instances
---------------------------------------------------------------------------------
---------------------------------------------------------------------------------
Finished Renaming Generated Instances : Time (s): cpu = 00:00:42 ; elapsed = 00:00:45 . Memory (MB): peak = 1820.199 ; gain = 1101.719
---------------------------------------------------------------------------------
---------------------------------------------------------------------------------
Start Rebuilding User Hierarchy
---------------------------------------------------------------------------------
---------------------------------------------------------------------------------
Finished Rebuilding User Hierarchy : Time (s): cpu = 00:00:42 ; elapsed = 00:00:45 . Memory (MB): peak = 1820.199 ; gain = 1101.719
---------------------------------------------------------------------------------
---------------------------------------------------------------------------------
Start Renaming Generated Ports
---------------------------------------------------------------------------------
---------------------------------------------------------------------------------
Finished Renaming Generated Ports : Time (s): cpu = 00:00:42 ; elapsed = 00:00:45 . Memory (MB): peak = 1820.199 ; gain = 1101.719
---------------------------------------------------------------------------------
---------------------------------------------------------------------------------
Start Handling Custom Attributes
---------------------------------------------------------------------------------
---------------------------------------------------------------------------------
Finished Handling Custom Attributes : Time (s): cpu = 00:00:42 ; elapsed = 00:00:45 . Memory (MB): peak = 1820.199 ; gain = 1101.719
---------------------------------------------------------------------------------
---------------------------------------------------------------------------------
Start Renaming Generated Nets
---------------------------------------------------------------------------------
---------------------------------------------------------------------------------
Finished Renaming Generated Nets : Time (s): cpu = 00:00:42 ; elapsed = 00:00:45 . Memory (MB): peak = 1820.199 ; gain = 1101.719
---------------------------------------------------------------------------------
---------------------------------------------------------------------------------
Start Writing Synthesis Report
---------------------------------------------------------------------------------

Report BlackBoxes: 
+-+--------------+----------+
| |BlackBox name |Instances |
+-+--------------+----------+
+-+--------------+----------+

Report Cell Usage: 
+------+-----+------+
|      |Cell |Count |
+------+-----+------+
|1     |LUT4 |     4|
|2     |IBUF |    10|
|3     |OBUF |     4|
+------+-----+------+
---------------------------------------------------------------------------------
Finished Writing Synthesis Report : Time (s): cpu = 00:00:42 ; elapsed = 00:00:45 . Memory (MB): peak = 1820.199 ; gain = 1101.719
---------------------------------------------------------------------------------
Synthesis finished with 0 errors, 0 critical warnings and 0 warnings.
Synthesis Optimization Runtime : Time (s): cpu = 00:00:28 ; elapsed = 00:00:42 . Memory (MB): peak = 1820.199 ; gain = 1066.508
Synthesis Optimization Complete : Time (s): cpu = 00:00:42 ; elapsed = 00:00:46 . Memory (MB): peak = 1820.199 ; gain = 1101.719
INFO: [Project 1-571] Translating synthesized netlist
Netlist sorting complete. Time (s): cpu = 00:00:00 ; elapsed = 00:00:00 . Memory (MB): peak = 1829.398 ; gain = 0.000
INFO: [Project 1-570] Preparing netlist for logic optimization
INFO: [Opt 31-138] Pushed 0 inverter(s) to 0 load pin(s).
Netlist sorting complete. Time (s): cpu = 00:00:00 ; elapsed = 00:00:00 . Memory (MB): peak = 1833.039 ; gain = 0.000
INFO: [Project 1-111] Unisim Transformation Summary:
No Unisim elements were transformed.

Synth Design complete | Checksum: d1daccf9
INFO: [Common 17-83] Releasing license: Synthesis
24 Infos, 1 Warnings, 1 Critical Warnings and 0 Errors encountered.
synth_design completed successfully
synth_design: Time (s): cpu = 00:00:49 ; elapsed = 00:01:08 . Memory (MB): peak = 1833.039 ; gain = 1303.699
INFO: [runtcl-6] Synthesis results are not added to the cache due to CRITICAL_WARNING
Write ShapeDB Complete: Time (s): cpu = 00:00:00 ; elapsed = 00:00:00.002 . Memory (MB): peak = 1833.039 ; gain = 0.000
INFO: [Common 17-1381] The checkpoint 'D:/Facultate/Facultate I sem II/DSD/Test subiecte/Exercise 3/Exercise 3.runs/synth_1/ALU_Unit.dcp' has been generated.
INFO: [Vivado 12-24828] Executing command : report_utilization -file ALU_Unit_utilization_synth.rpt -pb ALU_Unit_utilization_synth.pb
INFO: [Common 17-206] Exiting Vivado at Thu May 21 11:56:12 2026...
