
*** Running vivado
    with args -log Top_levele.vds -m64 -product Vivado -mode batch -messageDb vivado.pb -notrace -source Top_levele.tcl



****** Vivado v2025.2 (64-bit)
  **** SW Build 6299465 on Fri Nov 14 19:35:11 GMT 2025
  **** IP Build 6300035 on Fri Nov 14 10:48:45 MST 2025
  **** SharedData Build 6298862 on Thu Nov 13 04:50:51 MST 2025
  **** Start of session at: Sun May 24 21:49:59 2026
    ** Copyright 1986-2022 Xilinx, Inc. All Rights Reserved.
    ** Copyright 2022-2025 Advanced Micro Devices, Inc. All Rights Reserved.

source Top_levele.tcl -notrace
Command: synth_design -top Top_levele -part xc7a35tcpg236-1
Starting synth_design
Attempting to get a license for feature 'Synthesis' and/or device 'xc7a35t'
INFO: [Common 17-349] Got license for feature 'Synthesis' and/or device 'xc7a35t'
INFO: [Device 21-403] Loading part xc7a35tcpg236-1
INFO: [Synth 8-7079] Multithreading enabled for synth_design using a maximum of 2 processes.
INFO: [Synth 8-7078] Launching helper process for spawning children vivado processes
INFO: [Synth 8-7075] Helper process launched with PID 33000
---------------------------------------------------------------------------------
Starting RTL Elaboration : Time (s): cpu = 00:00:04 ; elapsed = 00:00:05 . Memory (MB): peak = 1259.617 ; gain = 540.676
---------------------------------------------------------------------------------
INFO: [Synth 8-638] synthesizing module 'Top_levele' [D:/Facultate/Facultate I sem II/DSD/Test subiecte/Arhiva 2025/Subject 17/Subject 17.srcs/sources_1/new/Top_levele.vhd:44]
INFO: [Synth 8-3491] module 'MPG' declared at 'D:/Facultate/Facultate I sem II/DSD/Test subiecte/Arhiva 2025/Subject 17/Subject 17.srcs/sources_1/new/MPG.vhd:6' bound to instance 'Up' of component 'MPG' [D:/Facultate/Facultate I sem II/DSD/Test subiecte/Arhiva 2025/Subject 17/Subject 17.srcs/sources_1/new/Top_levele.vhd:66]
INFO: [Synth 8-638] synthesizing module 'MPG' [D:/Facultate/Facultate I sem II/DSD/Test subiecte/Arhiva 2025/Subject 17/Subject 17.srcs/sources_1/new/MPG.vhd:12]
INFO: [Synth 8-256] done synthesizing module 'MPG' (0#1) [D:/Facultate/Facultate I sem II/DSD/Test subiecte/Arhiva 2025/Subject 17/Subject 17.srcs/sources_1/new/MPG.vhd:12]
INFO: [Synth 8-3491] module 'MPG' declared at 'D:/Facultate/Facultate I sem II/DSD/Test subiecte/Arhiva 2025/Subject 17/Subject 17.srcs/sources_1/new/MPG.vhd:6' bound to instance 'Down' of component 'MPG' [D:/Facultate/Facultate I sem II/DSD/Test subiecte/Arhiva 2025/Subject 17/Subject 17.srcs/sources_1/new/Top_levele.vhd:72]
INFO: [Synth 8-3491] module 'Top_lvl' declared at 'D:/Facultate/Facultate I sem II/DSD/Test subiecte/Arhiva 2025/Subject 17/Subject 17.srcs/sources_1/new/Top_lvl.vhd:14' bound to instance 'cnt' of component 'Top_lvl' [D:/Facultate/Facultate I sem II/DSD/Test subiecte/Arhiva 2025/Subject 17/Subject 17.srcs/sources_1/new/Top_levele.vhd:78]
INFO: [Synth 8-638] synthesizing module 'Top_lvl' [D:/Facultate/Facultate I sem II/DSD/Test subiecte/Arhiva 2025/Subject 17/Subject 17.srcs/sources_1/new/Top_lvl.vhd:23]
INFO: [Synth 8-3491] module 'Up_counter4bit' declared at 'D:/Facultate/Facultate I sem II/DSD/Test subiecte/Arhiva 2025/Subject 17/Subject 17.srcs/sources_1/new/Up_counter4bit.vhd:14' bound to instance 'Up_cnt' of component 'Up_counter4bit' [D:/Facultate/Facultate I sem II/DSD/Test subiecte/Arhiva 2025/Subject 17/Subject 17.srcs/sources_1/new/Top_lvl.vhd:54]
INFO: [Synth 8-638] synthesizing module 'Up_counter4bit' [D:/Facultate/Facultate I sem II/DSD/Test subiecte/Arhiva 2025/Subject 17/Subject 17.srcs/sources_1/new/Up_counter4bit.vhd:22]
INFO: [Synth 8-256] done synthesizing module 'Up_counter4bit' (0#1) [D:/Facultate/Facultate I sem II/DSD/Test subiecte/Arhiva 2025/Subject 17/Subject 17.srcs/sources_1/new/Up_counter4bit.vhd:22]
INFO: [Synth 8-3491] module 'Diwn_counter4bit' declared at 'D:/Facultate/Facultate I sem II/DSD/Test subiecte/Arhiva 2025/Subject 17/Subject 17.srcs/sources_1/new/Diwn_counter4bit.vhd:14' bound to instance 'Dwn_cnt' of component 'Diwn_counter4bit' [D:/Facultate/Facultate I sem II/DSD/Test subiecte/Arhiva 2025/Subject 17/Subject 17.srcs/sources_1/new/Top_lvl.vhd:60]
INFO: [Synth 8-638] synthesizing module 'Diwn_counter4bit' [D:/Facultate/Facultate I sem II/DSD/Test subiecte/Arhiva 2025/Subject 17/Subject 17.srcs/sources_1/new/Diwn_counter4bit.vhd:22]
INFO: [Synth 8-256] done synthesizing module 'Diwn_counter4bit' (0#1) [D:/Facultate/Facultate I sem II/DSD/Test subiecte/Arhiva 2025/Subject 17/Subject 17.srcs/sources_1/new/Diwn_counter4bit.vhd:22]
INFO: [Synth 8-3491] module 'Adder_4bit' declared at 'D:/Facultate/Facultate I sem II/DSD/Test subiecte/Arhiva 2025/Subject 17/Subject 17.srcs/sources_1/new/Adder_4bit.vhd:17' bound to instance 'ADD' of component 'Adder_4bit' [D:/Facultate/Facultate I sem II/DSD/Test subiecte/Arhiva 2025/Subject 17/Subject 17.srcs/sources_1/new/Top_lvl.vhd:66]
INFO: [Synth 8-638] synthesizing module 'Adder_4bit' [D:/Facultate/Facultate I sem II/DSD/Test subiecte/Arhiva 2025/Subject 17/Subject 17.srcs/sources_1/new/Adder_4bit.vhd:25]
INFO: [Synth 8-256] done synthesizing module 'Adder_4bit' (0#1) [D:/Facultate/Facultate I sem II/DSD/Test subiecte/Arhiva 2025/Subject 17/Subject 17.srcs/sources_1/new/Adder_4bit.vhd:25]
INFO: [Synth 8-256] done synthesizing module 'Top_lvl' (0#1) [D:/Facultate/Facultate I sem II/DSD/Test subiecte/Arhiva 2025/Subject 17/Subject 17.srcs/sources_1/new/Top_lvl.vhd:23]
INFO: [Synth 8-256] done synthesizing module 'Top_levele' (0#1) [D:/Facultate/Facultate I sem II/DSD/Test subiecte/Arhiva 2025/Subject 17/Subject 17.srcs/sources_1/new/Top_levele.vhd:44]
---------------------------------------------------------------------------------
Finished RTL Elaboration : Time (s): cpu = 00:00:06 ; elapsed = 00:00:06 . Memory (MB): peak = 1376.898 ; gain = 657.957
---------------------------------------------------------------------------------
---------------------------------------------------------------------------------
Start Handling Custom Attributes
---------------------------------------------------------------------------------
---------------------------------------------------------------------------------
Finished Handling Custom Attributes : Time (s): cpu = 00:00:06 ; elapsed = 00:00:06 . Memory (MB): peak = 1376.898 ; gain = 657.957
---------------------------------------------------------------------------------
---------------------------------------------------------------------------------
Finished RTL Optimization Phase 1 : Time (s): cpu = 00:00:06 ; elapsed = 00:00:06 . Memory (MB): peak = 1376.898 ; gain = 657.957
---------------------------------------------------------------------------------
Netlist sorting complete. Time (s): cpu = 00:00:00 ; elapsed = 00:00:00 . Memory (MB): peak = 1376.898 ; gain = 0.000
INFO: [Project 1-570] Preparing netlist for logic optimization

Processing XDC Constraints
Initializing timing engine
Parsing XDC File [D:/Facultate/Facultate I sem II/DSD/Test subiecte/Arhiva 2025/Subject 17/Subject 17.srcs/constrs_1/new/cst.xdc]
WARNING: [Vivado 12-584] No ports matched 'Result[4]'. [D:/Facultate/Facultate I sem II/DSD/Test subiecte/Arhiva 2025/Subject 17/Subject 17.srcs/constrs_1/new/cst.xdc:35]
CRITICAL WARNING: [Common 17-55] 'set_property' expects at least one object. [D:/Facultate/Facultate I sem II/DSD/Test subiecte/Arhiva 2025/Subject 17/Subject 17.srcs/constrs_1/new/cst.xdc:35]
Resolution: If [get_<value>] was used to populate the object, check to make sure this command returns at least one valid object.
Finished Parsing XDC File [D:/Facultate/Facultate I sem II/DSD/Test subiecte/Arhiva 2025/Subject 17/Subject 17.srcs/constrs_1/new/cst.xdc]
INFO: [Project 1-236] Implementation specific constraints were found while reading constraint file [D:/Facultate/Facultate I sem II/DSD/Test subiecte/Arhiva 2025/Subject 17/Subject 17.srcs/constrs_1/new/cst.xdc]. These constraints will be ignored for synthesis but will be used in implementation. Impacted constraints are listed in the file [.Xil/Top_levele_propImpl.xdc].
Resolution: To avoid this warning, move constraints listed in [.Xil/Top_levele_propImpl.xdc] to another XDC file and exclude this new file from synthesis with the used_in_synthesis property (File Properties dialog in GUI) and re-run elaboration/synthesis.
Completed Processing XDC Constraints

Netlist sorting complete. Time (s): cpu = 00:00:00 ; elapsed = 00:00:00 . Memory (MB): peak = 1440.191 ; gain = 0.000
INFO: [Project 1-111] Unisim Transformation Summary:
No Unisim elements were transformed.

Constraint Validation Runtime : Time (s): cpu = 00:00:00 ; elapsed = 00:00:00.002 . Memory (MB): peak = 1440.191 ; gain = 0.000
---------------------------------------------------------------------------------
Finished Constraint Validation : Time (s): cpu = 00:00:12 ; elapsed = 00:00:13 . Memory (MB): peak = 1440.191 ; gain = 721.250
---------------------------------------------------------------------------------
---------------------------------------------------------------------------------
Start Loading Part and Timing Information
---------------------------------------------------------------------------------
Loading part: xc7a35tcpg236-1
---------------------------------------------------------------------------------
Finished Loading Part and Timing Information : Time (s): cpu = 00:00:12 ; elapsed = 00:00:13 . Memory (MB): peak = 1440.191 ; gain = 721.250
---------------------------------------------------------------------------------
---------------------------------------------------------------------------------
Start Applying 'set_property' XDC Constraints
---------------------------------------------------------------------------------
---------------------------------------------------------------------------------
Finished applying 'set_property' XDC Constraints : Time (s): cpu = 00:00:12 ; elapsed = 00:00:13 . Memory (MB): peak = 1440.191 ; gain = 721.250
---------------------------------------------------------------------------------
---------------------------------------------------------------------------------
Finished RTL Optimization Phase 2 : Time (s): cpu = 00:00:13 ; elapsed = 00:00:13 . Memory (MB): peak = 1440.191 ; gain = 721.250
---------------------------------------------------------------------------------
---------------------------------------------------------------------------------
Start RTL Component Statistics 
---------------------------------------------------------------------------------
Detailed RTL Component Info : 
+---Adders : 
	   2 Input    5 Bit       Adders := 1     
	   2 Input    4 Bit       Adders := 2     
+---Registers : 
	                4 Bit    Registers := 2     
	                1 Bit    Registers := 6     
---------------------------------------------------------------------------------
Finished RTL Component Statistics 
---------------------------------------------------------------------------------
---------------------------------------------------------------------------------
Start Part Resource Summary
---------------------------------------------------------------------------------
Part Resources:
DSPs: 90 (col length:60)
BRAMs: 100 (col length: RAMB18 60 RAMB36 30)
---------------------------------------------------------------------------------
Finished Part Resource Summary
---------------------------------------------------------------------------------
---------------------------------------------------------------------------------
Start Cross Boundary and Area Optimization
---------------------------------------------------------------------------------
---------------------------------------------------------------------------------
Finished Cross Boundary and Area Optimization : Time (s): cpu = 00:00:14 ; elapsed = 00:00:15 . Memory (MB): peak = 1440.191 ; gain = 721.250
---------------------------------------------------------------------------------
---------------------------------------------------------------------------------
Start Applying XDC Timing Constraints
---------------------------------------------------------------------------------
---------------------------------------------------------------------------------
Finished Applying XDC Timing Constraints : Time (s): cpu = 00:00:18 ; elapsed = 00:00:19 . Memory (MB): peak = 1571.648 ; gain = 852.707
---------------------------------------------------------------------------------
---------------------------------------------------------------------------------
Start Timing Optimization
---------------------------------------------------------------------------------
---------------------------------------------------------------------------------
Finished Timing Optimization : Time (s): cpu = 00:00:18 ; elapsed = 00:00:19 . Memory (MB): peak = 1590.914 ; gain = 871.973
---------------------------------------------------------------------------------
---------------------------------------------------------------------------------
Start Technology Mapping
---------------------------------------------------------------------------------
---------------------------------------------------------------------------------
Finished Technology Mapping : Time (s): cpu = 00:00:18 ; elapsed = 00:00:19 . Memory (MB): peak = 1590.914 ; gain = 871.973
---------------------------------------------------------------------------------
---------------------------------------------------------------------------------
Start IO Insertion
---------------------------------------------------------------------------------
---------------------------------------------------------------------------------
Start Flattening Before IO Insertion
---------------------------------------------------------------------------------
---------------------------------------------------------------------------------
Finished Flattening Before IO Insertion
---------------------------------------------------------------------------------
---------------------------------------------------------------------------------
Start Final Netlist Cleanup
---------------------------------------------------------------------------------
---------------------------------------------------------------------------------
Finished Final Netlist Cleanup
---------------------------------------------------------------------------------
---------------------------------------------------------------------------------
Finished IO Insertion : Time (s): cpu = 00:00:21 ; elapsed = 00:00:23 . Memory (MB): peak = 1831.113 ; gain = 1112.172
---------------------------------------------------------------------------------
---------------------------------------------------------------------------------
Start Renaming Generated Instances
---------------------------------------------------------------------------------
---------------------------------------------------------------------------------
Finished Renaming Generated Instances : Time (s): cpu = 00:00:21 ; elapsed = 00:00:23 . Memory (MB): peak = 1831.113 ; gain = 1112.172
---------------------------------------------------------------------------------
---------------------------------------------------------------------------------
Start Rebuilding User Hierarchy
---------------------------------------------------------------------------------
---------------------------------------------------------------------------------
Finished Rebuilding User Hierarchy : Time (s): cpu = 00:00:21 ; elapsed = 00:00:23 . Memory (MB): peak = 1831.113 ; gain = 1112.172
---------------------------------------------------------------------------------
---------------------------------------------------------------------------------
Start Renaming Generated Ports
---------------------------------------------------------------------------------
---------------------------------------------------------------------------------
Finished Renaming Generated Ports : Time (s): cpu = 00:00:21 ; elapsed = 00:00:23 . Memory (MB): peak = 1831.113 ; gain = 1112.172
---------------------------------------------------------------------------------
---------------------------------------------------------------------------------
Start Handling Custom Attributes
---------------------------------------------------------------------------------
---------------------------------------------------------------------------------
Finished Handling Custom Attributes : Time (s): cpu = 00:00:21 ; elapsed = 00:00:23 . Memory (MB): peak = 1831.113 ; gain = 1112.172
---------------------------------------------------------------------------------
---------------------------------------------------------------------------------
Start Renaming Generated Nets
---------------------------------------------------------------------------------
---------------------------------------------------------------------------------
Finished Renaming Generated Nets : Time (s): cpu = 00:00:22 ; elapsed = 00:00:23 . Memory (MB): peak = 1831.113 ; gain = 1112.172
---------------------------------------------------------------------------------
---------------------------------------------------------------------------------
Start Writing Synthesis Report
---------------------------------------------------------------------------------

Report BlackBoxes: 
+-+--------------+----------+
| |BlackBox name |Instances |
+-+--------------+----------+
+-+--------------+----------+

Report Cell Usage: 
+------+-------+------+
|      |Cell   |Count |
+------+-------+------+
|1     |BUFG   |     1|
|2     |CARRY4 |     4|
|3     |LUT1   |     3|
|4     |LUT2   |     5|
|5     |LUT3   |     4|
|6     |LUT4   |     3|
|7     |LUT6   |     5|
|8     |FDCE   |     8|
|9     |FDRE   |    22|
|10    |IBUF   |     4|
|11    |OBUF   |     5|
+------+-------+------+
---------------------------------------------------------------------------------
Finished Writing Synthesis Report : Time (s): cpu = 00:00:22 ; elapsed = 00:00:23 . Memory (MB): peak = 1831.113 ; gain = 1112.172
---------------------------------------------------------------------------------
Synthesis finished with 0 errors, 0 critical warnings and 0 warnings.
Synthesis Optimization Runtime : Time (s): cpu = 00:00:15 ; elapsed = 00:00:22 . Memory (MB): peak = 1831.113 ; gain = 1048.879
Synthesis Optimization Complete : Time (s): cpu = 00:00:22 ; elapsed = 00:00:23 . Memory (MB): peak = 1831.113 ; gain = 1112.172
INFO: [Project 1-571] Translating synthesized netlist
Netlist sorting complete. Time (s): cpu = 00:00:00 ; elapsed = 00:00:00 . Memory (MB): peak = 1840.281 ; gain = 0.000
INFO: [Netlist 29-17] Analyzing 4 Unisim elements for replacement
INFO: [Netlist 29-28] Unisim Transformation completed in 0 CPU seconds
INFO: [Project 1-570] Preparing netlist for logic optimization
INFO: [Opt 31-138] Pushed 0 inverter(s) to 0 load pin(s).
Netlist sorting complete. Time (s): cpu = 00:00:00 ; elapsed = 00:00:00 . Memory (MB): peak = 1843.934 ; gain = 0.000
INFO: [Project 1-111] Unisim Transformation Summary:
No Unisim elements were transformed.

Synth Design complete | Checksum: 13f09d92
INFO: [Common 17-83] Releasing license: Synthesis
33 Infos, 1 Warnings, 1 Critical Warnings and 0 Errors encountered.
synth_design completed successfully
synth_design: Time (s): cpu = 00:00:25 ; elapsed = 00:00:28 . Memory (MB): peak = 1843.934 ; gain = 1313.934
INFO: [runtcl-6] Synthesis results are not added to the cache due to CRITICAL_WARNING
Write ShapeDB Complete: Time (s): cpu = 00:00:00 ; elapsed = 00:00:00.001 . Memory (MB): peak = 1843.934 ; gain = 0.000
INFO: [Common 17-1381] The checkpoint 'D:/Facultate/Facultate I sem II/DSD/Test subiecte/Arhiva 2025/Subject 17/Subject 17.runs/synth_1/Top_levele.dcp' has been generated.
INFO: [Vivado 12-24828] Executing command : report_utilization -file Top_levele_utilization_synth.rpt -pb Top_levele_utilization_synth.pb
INFO: [Common 17-206] Exiting Vivado at Sun May 24 21:50:34 2026...
